0 verbose cli /usr/local/bin/node /usr/local/bin/npm
1 info using npm@9.8.1
2 info using node@v19.9.0
3 timing npm:load:whichnode Completed in 1ms
4 timing config:load:defaults Completed in 2ms
5 timing config:load:file:/usr/local/lib/node_modules/npm/npmrc Completed in 2ms
6 timing config:load:builtin Completed in 2ms
7 timing config:load:cli Completed in 3ms
8 timing config:load:env Completed in 0ms
9 timing config:load:project Completed in 3ms
10 timing config:load:file:/home/container/.npmrc Completed in 1ms
11 timing config:load:user Completed in 1ms
12 timing config:load:file:/usr/local/etc/npmrc Completed in 0ms
13 timing config:load:global Completed in 0ms
14 timing config:load:setEnvs Completed in 1ms
15 timing config:load Completed in 13ms
16 timing npm:load:configload Completed in 13ms
17 timing config:load:flatten Completed in 4ms
18 timing npm:load:mkdirpcache Completed in 0ms
19 timing npm:load:mkdirplogs Completed in 0ms
20 verbose title npm install
21 verbose argv "install"
22 timing npm:load:setTitle Completed in 1ms
23 timing npm:load:display Completed in 1ms
24 verbose logfile logs-max:10 dir:/home/container/.npm/_logs/2024-09-15T13_34_11_239Z-
25 verbose logfile /home/container/.npm/_logs/2024-09-15T13_34_11_239Z-debug-0.log
26 timing npm:load:logFile Completed in 12ms
27 timing npm:load:timers Completed in 0ms
28 timing npm:load:configScope Completed in 0ms
29 timing npm:load Completed in 55ms
30 timing arborist:ctor Completed in 1ms
31 silly logfile start cleaning logs, removing 1 files
32 silly logfile done cleaning log files
33 timing idealTree:init Completed in 358ms
34 timing idealTree:userRequests Completed in 1ms
35 silly idealTree buildDeps
36 timing idealTree:#root Completed in 1ms
37 timing idealTree:buildDeps Completed in 1ms
38 timing idealTree:fixDepFlags Completed in 0ms
39 timing idealTree Completed in 368ms
40 timing arborist:ctor Completed in 0ms
41 timing reify:loadTrees Completed in 541ms
42 timing reify:diffTrees Completed in 15ms
43 silly reify moves {}
44 timing reify:retireShallow Completed in 2ms
45 timing reify:createSparse Completed in 5ms
46 timing reify:loadBundles Completed in 0ms
47 silly audit bulk request {
47 silly audit   '@babel/code-frame': [ '7.18.6' ],
47 silly audit   '@babel/generator': [ '7.19.3' ],
47 silly audit   '@babel/helper-environment-visitor': [ '7.18.9' ],
47 silly audit   '@babel/helper-function-name': [ '7.19.0' ],
47 silly audit   '@babel/helper-hoist-variables': [ '7.18.6' ],
47 silly audit   '@babel/helper-split-export-declaration': [ '7.18.6' ],
47 silly audit   '@babel/helper-string-parser': [ '7.18.10' ],
47 silly audit   '@babel/helper-validator-identifier': [ '7.19.1' ],
47 silly audit   '@babel/highlight': [ '7.18.6' ],
47 silly audit   'ansi-styles': [ '3.2.1', '4.3.0' ],
47 silly audit   chalk: [ '2.4.2', '4.1.2' ],
47 silly audit   'color-convert': [ '1.9.3', '2.0.1' ],
47 silly audit   'color-name': [ '1.1.3', '1.1.4' ],
47 silly audit   'has-flag': [ '3.0.0', '4.0.0' ],
47 silly audit   'supports-color': [ '5.5.0', '6.1.0', '7.2.0' ],
47 silly audit   '@babel/parser': [ '7.19.3' ],
47 silly audit   '@babel/template': [ '7.18.10' ],
47 silly audit   '@babel/traverse': [ '7.19.3' ],
47 silly audit   debug: [ '4.3.4', '2.6.9', '3.2.7' ],
47 silly audit   ms: [ '2.1.2', '2.0.0', '2.1.3' ],
47 silly audit   '@babel/types': [ '7.19.3' ],
47 silly audit   '@discordjs/collection': [ '0.1.6' ],
47 silly audit   '@discordjs/form-data': [ '3.0.1' ],
47 silly audit   '@gar/promisify': [ '1.1.3' ],
47 silly audit   '@ioredis/commands': [ '1.2.0' ],
47 silly audit   '@javascript-obfuscator/escodegen': [ '2.3.0' ],
47 silly audit   '@javascript-obfuscator/estraverse': [ '5.4.0' ],
47 silly audit   '@jridgewell/gen-mapping': [ '0.3.2' ],
47 silly audit   '@jridgewell/resolve-uri': [ '3.1.0' ],
47 silly audit   '@jridgewell/set-array': [ '1.1.2' ],
47 silly audit   '@jridgewell/sourcemap-codec': [ '1.4.14' ],
47 silly audit   '@jridgewell/trace-mapping': [ '0.3.16' ],
47 silly audit   '@keyv/mongo': [ '1.2.3' ],
47 silly audit   '@keyv/mysql': [ '1.4.1' ],
47 silly audit   '@keyv/postgres': [ '1.3.1' ],
47 silly audit   '@keyv/redis': [ '2.5.1' ],
47 silly audit   '@keyv/sqlite': [ '3.6.1' ],
47 silly audit   '@mapbox/node-pre-gyp': [ '1.0.10' ],
47 silly audit   'make-dir': [ '3.1.0', '2.1.0' ],
47 silly audit   semver: [ '6.3.0', '7.3.8', '5.7.1', '7.0.0' ],
47 silly audit   rimraf: [ '3.0.2', '2.7.1' ],
47 silly audit   '@nodelib/fs.scandir': [ '2.1.5' ],
47 silly audit   '@nodelib/fs.stat': [ '2.0.5' ],
47 silly audit   '@nodelib/fs.walk': [ '1.2.8' ],
47 silly audit   '@npmcli/fs': [ '1.1.1' ],
47 silly audit   '@npmcli/move-file': [ '1.1.2' ],
47 silly audit   '@tootallnate/once': [ '1.1.2' ],
47 silly audit   '@types/minimatch': [ '3.0.5' ],
47 silly audit   '@types/node': [ '18.8.3' ],
47 silly audit   abbrev: [ '1.1.1' ],
47 silly audit   'abort-controller': [ '3.0.0' ],
47 silly audit   accepts: [ '1.3.8' ],
47 silly audit   acorn: [ '8.7.0', '7.4.1' ],
47 silly audit   'acorn-node': [ '1.8.2' ],
47 silly audit   'acorn-walk': [ '7.2.0' ],
47 silly audit   'agent-base': [ '6.0.2' ],
47 silly audit   agentkeepalive: [ '4.2.1' ],
47 silly audit   depd: [ '1.1.2', '2.0.0' ],
47 silly audit   'aggregate-error': [ '3.1.0' ],
47 silly audit   amdefine: [ '0.0.2' ],
47 silly audit   'ansi-regex': [ '5.0.1', '4.1.1' ],
47 silly audit   anymatch: [ '3.1.2' ],
47 silly audit   'append-transform': [ '1.0.0' ],
47 silly audit   aproba: [ '2.0.0' ],
47 silly audit   archy: [ '1.0.0' ],
47 silly audit   'are-we-there-yet': [ '2.0.0', '3.0.1' ],
47 silly audit   arg: [ '5.0.2' ],
47 silly audit   argparse: [ '1.0.10' ],
47 silly audit   'array-differ': [ '3.0.0' ],
47 silly audit   'array-flatten': [ '1.1.1' ],
47 silly audit   'array-union': [ '2.1.0' ],
47 silly audit   arrify: [ '2.0.1' ],
47 silly audit   assert: [ '2.0.0' ],
47 silly audit   async: [ '3.2.4' ],
47 silly audit   'async-limiter': [ '1.0.1' ],
47 silly audit   asynckit: [ '0.4.0' ],
47 silly audit   'available-typed-arrays': [ '1.0.5' ],
47 silly audit   axios: [ '0.25.0' ],
47 silly audit   'balanced-match': [ '1.0.2' ],
47 silly audit   'binary-extensions': [ '2.2.0' ],
47 silly audit   bl: [ '2.2.1' ],
47 silly audit   'readable-stream': [ '2.3.7', '3.6.0' ],
47 silly audit   'safe-buffer': [ '5.1.2', '5.2.1' ],
47 silly audit   string_decoder: [ '1.1.1', '1.3.0' ],
47 silly audit   'body-parser': [ '1.20.1' ],
47 silly audit   'brace-expansion': [ '1.1.11', '2.0.1' ],
47 silly audit   braces: [ '3.0.2' ],
47 silly audit   bson: [ '1.1.6' ],
47 silly audit   'buffer-from': [ '1.1.2' ],
47 silly audit   'buffer-writer': [ '2.0.0' ],
47 silly audit   bytes: [ '3.1.2' ],
47 silly audit   cacache: [ '15.3.0' ],
47 silly audit   'caching-transform': [ '3.0.2' ],
47 silly audit   'call-bind': [ '1.0.2' ],
47 silly audit   camelcase: [ '5.3.1' ],
47 silly audit   'camelcase-css': [ '2.0.1' ],
47 silly audit   chance: [ '1.1.8' ],
47 silly audit   'char-regex': [ '1.0.2' ],
47 silly audit   charenc: [ '0.0.2' ],
47 silly audit   chokidar: [ '3.5.3' ],
47 silly audit   chownr: [ '2.0.0' ],
47 silly audit   'class-validator': [ '0.13.2' ],
47 silly audit   'clean-stack': [ '2.2.0' ],
47 silly audit   cliui: [ '5.0.0' ],
47 silly audit   'emoji-regex': [ '7.0.3', '8.0.0' ],
47 silly audit   'is-fullwidth-code-point': [ '2.0.0', '3.0.0' ],
47 silly audit   'string-width': [ '3.1.0', '4.2.3' ],
47 silly audit   'strip-ansi': [ '5.2.0', '6.0.1' ],
47 silly audit   clone: [ '2.1.2' ],
47 silly audit   'cluster-key-slot': [ '1.1.1' ],
47 silly audit   'color-support': [ '1.1.3' ],
47 silly audit   'combined-stream': [ '1.0.8' ],
47 silly audit   commander: [ '9.0.0', '0.6.1' ],
47 silly audit   commondir: [ '1.0.1' ],
47 silly audit   'concat-map': [ '0.0.1' ],
47 silly audit   'console-control-strings': [ '1.1.0' ],
47 silly audit   'content-disposition': [ '0.5.4' ],
47 silly audit   'content-type': [ '1.0.4' ],
47 silly audit   'convert-source-map': [ '1.8.0' ],
47 silly audit   cookie: [ '0.5.0', '0.4.2' ],
47 silly audit   'cookie-signature': [ '1.0.6' ],
47 silly audit   'core-util-is': [ '1.0.3' ],
47 silly audit   'cp-file': [ '6.2.0' ],
47 silly audit   pify: [ '4.0.1', '3.0.0', '5.0.0', '2.3.0' ],
47 silly audit   'credit-card-validate': [ '0.9.3' ],
47 silly audit   cron: [ '1.8.2' ],
47 silly audit   'cross-spawn': [ '4.0.2' ],
47 silly audit   'lru-cache': [ '4.1.5', '6.0.0' ],
47 silly audit   yallist: [ '2.1.2', '4.0.0' ],
47 silly audit   crypt: [ '0.0.2' ],
47 silly audit   cssesc: [ '3.0.0' ],
47 silly audit   decamelize: [ '1.2.0' ],
47 silly audit   'deep-is': [ '0.1.4' ],
47 silly audit   'default-require-extensions': [ '2.0.0' ],
47 silly audit   'define-properties': [ '1.1.4' ],
47 silly audit   defined: [ '1.0.0' ],
47 silly audit   'delayed-stream': [ '1.0.0' ],
47 silly audit   delegates: [ '1.0.0' ],
47 silly audit   denque: [ '2.1.0', '1.5.1' ],
47 silly audit   destroy: [ '1.2.0' ],
47 silly audit   'detect-libc': [ '2.0.1' ],
47 silly audit   detective: [ '5.2.1' ],
47 silly audit   didyoumean: [ '1.2.2' ],
47 silly audit   'discord.js': [ '12.5.3' ],
47 silly audit   dlv: [ '1.1.3' ],
47 silly audit   'each-series': [ '1.0.0' ],
47 silly audit   'ee-first': [ '1.1.1' ],
47 silly audit   ejs: [ '3.1.8' ],
47 silly audit   encodeurl: [ '1.0.2' ],
47 silly audit   encoding: [ '0.1.13' ],
47 silly audit   'iconv-lite': [ '0.6.3', '0.4.24' ],
47 silly audit   'env-paths': [ '2.2.1' ],
47 silly audit   'err-code': [ '2.0.3' ],
47 silly audit   'error-ex': [ '1.3.2' ],
47 silly audit   'es-abstract': [ '1.20.4' ],
47 silly audit   'es-to-primitive': [ '1.2.1' ],
47 silly audit   'es6-error': [ '4.1.1' ],
47 silly audit   'es6-object-assign': [ '1.1.0' ],
47 silly audit   'escape-html': [ '1.0.3' ],
47 silly audit   'escape-string-regexp': [ '1.0.5' ],
47 silly audit   'eslint-scope': [ '7.1.0' ],
47 silly audit   'eslint-visitor-keys': [ '3.2.0' ],
47 silly audit   esprima: [ '4.0.1' ],
47 silly audit   esrecurse: [ '4.3.0' ],
47 silly audit   estraverse: [ '5.3.0' ],
47 silly audit   esutils: [ '2.0.3' ],
47 silly audit   etag: [ '1.8.1' ],
47 silly audit   'event-target-shim': [ '5.0.1' ],
47 silly audit   express: [ '4.18.2' ],
47 silly audit   'express-session': [ '1.17.3' ],
47 silly audit   'express-ws': [ '4.0.0' ],
47 silly audit   ws: [ '5.2.3', '7.5.9' ],
47 silly audit   'fast-deep-equal': [ '3.1.3' ],
47 silly audit   'fast-glob': [ '3.2.12' ],
47 silly audit   'fast-levenshtein': [ '2.0.6' ],
47 silly audit   fastq: [ '1.13.0' ],
47 silly audit   figlet: [ '1.5.2' ],
47 silly audit   filelist: [ '1.0.4' ],
47 silly audit   minimatch: [ '5.1.0', '3.1.2' ],
47 silly audit   'fill-range': [ '7.0.1' ],
47 silly audit   finalhandler: [ '1.2.0' ],
47 silly audit   'find-cache-dir': [ '2.1.0' ],
47 silly audit   'find-up': [ '3.0.0' ],
47 silly audit   'follow-redirects': [ '1.15.2' ],
47 silly audit   'for-each': [ '0.3.3' ],
47 silly audit   'foreground-child': [ '1.5.6' ],
47 silly audit   forwarded: [ '0.2.0' ],
47 silly audit   fresh: [ '0.5.2' ],
47 silly audit   'fs-minipass': [ '2.1.0' ],
47 silly audit   'fs.realpath': [ '1.0.0' ],
47 silly audit   fsevents: [ '2.3.2' ],
47 silly audit   'function-bind': [ '1.1.1' ],
47 silly audit   'function.prototype.name': [ '1.1.5' ],
47 silly audit   'functions-have-names': [ '1.2.3' ],
47 silly audit   gauge: [ '3.0.2', '4.0.4' ],
47 silly audit   'generate-function': [ '2.3.1' ],
47 silly audit   'get-caller-file': [ '2.0.5' ],
47 silly audit   'get-intrinsic': [ '1.1.3' ],
47 silly audit   'get-symbol-description': [ '1.0.0' ],
47 silly audit   glob: [ '7.2.3' ],
47 silly audit   'glob-parent': [ '5.1.2', '6.0.2' ],
47 silly audit   globals: [ '11.12.0' ],
47 silly audit   'graceful-fs': [ '4.2.10' ],
47 silly audit   has: [ '1.0.3' ],
47 silly audit   'has-bigints': [ '1.0.2' ],
47 silly audit   'has-property-descriptors': [ '1.0.0' ],
47 silly audit   'has-symbols': [ '1.0.3' ],
47 silly audit   'has-tostringtag': [ '1.0.0' ],
47 silly audit   'has-unicode': [ '2.0.1' ],
47 silly audit   hasha: [ '3.0.0' ],
47 silly audit   'hosted-git-info': [ '2.8.9' ],
47 silly audit   'html-escaper': [ '2.0.2' ],
47 silly audit   'http-cache-semantics': [ '4.1.0' ],
47 silly audit   'http-errors': [ '2.0.0' ],
47 silly audit   'http-proxy-agent': [ '4.0.1' ],
47 silly audit   'https-proxy-agent': [ '5.0.1' ],
47 silly audit   'humanize-ms': [ '1.2.1' ],
47 silly audit   'ignore-by-default': [ '1.0.1' ],
47 silly audit   imurmurhash: [ '0.1.4' ],
47 silly audit   'indent-string': [ '4.0.0' ],
47 silly audit   'infer-owner': [ '1.0.4' ],
47 silly audit   inflight: [ '1.0.6' ],
47 silly audit   inherits: [ '2.0.4' ],
47 silly audit   'internal-slot': [ '1.0.3' ],
47 silly audit   inversify: [ '6.0.1' ],
47 silly audit   ioredis: [ '5.2.3' ],
47 silly audit   ip: [ '2.0.0' ],
47 silly audit   'ipaddr.js': [ '1.9.1' ],
47 silly audit   'is-arguments': [ '1.1.1' ],
47 silly audit   'is-arrayish': [ '0.2.1' ],
47 silly audit   'is-bigint': [ '1.0.4' ],
47 silly audit   'is-binary-path': [ '2.1.0' ],
47 silly audit   'is-boolean-object': [ '1.1.2' ],
47 silly audit   'is-buffer': [ '1.1.6' ],
47 silly audit   'is-callable': [ '1.2.7' ],
47 silly audit   'is-core-module': [ '2.10.0' ],
47 silly audit   'is-date-object': [ '1.0.5' ],
47 silly audit   'is-extglob': [ '2.1.1' ],
47 silly audit   'is-generator-function': [ '1.0.10' ],
47 silly audit   'is-glob': [ '4.0.3' ],
47 silly audit   'is-lambda': [ '1.0.1' ],
47 silly audit   'is-nan': [ '1.3.2' ],
47 silly audit   'is-negative-zero': [ '2.0.2' ],
47 silly audit   'is-number': [ '7.0.0' ],
47 silly audit   'is-number-object': [ '1.0.7' ],
47 silly audit   'is-property': [ '1.0.2' ],
47 silly audit   'is-regex': [ '1.1.4' ],
47 silly audit   'is-shared-array-buffer': [ '1.0.2' ],
47 silly audit   'is-stream': [ '1.1.0' ],
47 silly audit   'is-string': [ '1.0.7' ],
47 silly audit   'is-symbol': [ '1.0.4' ],
47 silly audit   'is-typed-array': [ '1.1.9' ],
47 silly audit   'is-weakref': [ '1.0.2' ],
47 silly audit   isarray: [ '1.0.0' ],
47 silly audit   isexe: [ '2.0.0' ],
47 silly audit   'istanbul-lib-coverage': [ '2.0.5' ],
47 silly audit   'istanbul-lib-hook': [ '2.0.7' ],
47 silly audit   'istanbul-lib-instrument': [ '3.3.0' ],
47 silly audit   'istanbul-lib-report': [ '2.0.8' ],
47 silly audit   'istanbul-lib-source-maps': [ '3.0.6' ],
47 silly audit   'istanbul-reports': [ '2.2.7' ],
47 silly audit   jake: [ '10.8.5' ],
47 silly audit   'javascript-obfuscator': [ '4.0.0' ],
47 silly audit   'js-string-escape': [ '1.0.1' ],
47 silly audit   'js-tokens': [ '4.0.0' ],
47 silly audit   'js-yaml': [ '3.14.1' ],
47 silly audit   jsesc: [ '2.5.2' ],
47 silly audit   'json-buffer': [ '3.0.1' ],
47 silly audit   'json-parse-better-errors': [ '1.0.2' ],
47 silly audit   keyv: [ '4.5.0' ],
47 silly audit   levn: [ '0.3.0' ],
47 silly audit   'libphonenumber-js': [ '1.10.13' ],
47 silly audit   lilconfig: [ '2.0.6' ],
47 silly audit   'load-json-file': [ '4.0.0' ],
47 silly audit   'locate-path': [ '3.0.0' ],
47 silly audit   'lodash.defaults': [ '4.2.0' ],
47 silly audit   'lodash.flattendeep': [ '4.4.0' ],
47 silly audit   'lodash.isarguments': [ '3.1.0' ],
47 silly audit   long: [ '4.0.0' ],
47 silly audit   'make-fetch-happen': [ '9.1.0' ],
47 silly audit   md5: [ '2.3.0' ],
47 silly audit   'media-typer': [ '0.3.0' ],
47 silly audit   'memory-pager': [ '1.5.0' ],
47 silly audit   'merge-descriptors': [ '1.0.1' ],
47 silly audit   'merge-source-map': [ '1.1.0' ],
47 silly audit   merge2: [ '1.4.1' ],
47 silly audit   methods: [ '1.1.2' ],
47 silly audit   micromatch: [ '4.0.5' ],
47 silly audit   mime: [ '1.6.0' ],
47 silly audit   'mime-db': [ '1.52.0' ],
47 silly audit   'mime-types': [ '2.1.35' ],
47 silly audit   minimist: [ '1.2.6' ],
47 silly audit   minipass: [ '3.3.4' ],
47 silly audit   'minipass-collect': [ '1.0.2' ],
47 silly audit   'minipass-fetch': [ '1.4.1' ],
47 silly audit   'minipass-flush': [ '1.0.5' ],
47 silly audit   'minipass-pipeline': [ '1.2.4' ],
47 silly audit   'minipass-sized': [ '1.0.3' ],
47 silly audit   minizlib: [ '2.1.2' ],
47 silly audit   mkdirp: [ '1.0.4', '0.5.6' ],
47 silly audit   moment: [ '2.29.4' ],
47 silly audit   'moment-timezone': [ '0.5.37' ],
47 silly audit   mongodb: [ '3.7.3' ],
47 silly audit   mongojs: [ '3.1.0' ],
47 silly audit   multimatch: [ '5.0.0' ],
47 silly audit   mysql2: [ '2.3.3' ],
47 silly audit   'named-placeholders': [ '1.1.2' ],
47 silly audit   nanoid: [ '3.3.4' ],
47 silly audit   negotiator: [ '0.6.3' ],
47 silly audit   'nested-error-stacks': [ '2.1.1' ],
47 silly audit   'node-addon-api': [ '4.3.0' ],
47 silly audit   'node-cache': [ '5.1.2' ],
47 silly audit   'node-fetch': [ '2.6.7' ],
47 silly audit   'node-gyp': [ '8.4.1' ],
47 silly audit   npmlog: [ '6.0.2', '5.0.1' ],
47 silly audit   which: [ '2.0.2', '1.3.1' ],
47 silly audit   nodemon: [ '2.0.20' ],
47 silly audit   nopt: [ '5.0.0', '1.0.10' ],
47 silly audit   'normalize-package-data': [ '2.5.0' ],
47 silly audit   'normalize-path': [ '3.0.0' ],
47 silly audit   nyc: [ '14.1.1' ],
47 silly audit   'object-assign': [ '4.1.1' ],
47 silly audit   'object-hash': [ '3.0.0' ],
47 silly audit   'object-inspect': [ '1.12.2' ],
47 silly audit   'object-is': [ '1.1.5' ],
47 silly audit   'object-keys': [ '1.1.1' ],
47 silly audit   'object.assign': [ '4.1.4' ],
47 silly audit   'on-finished': [ '2.4.1' ],
47 silly audit   'on-headers': [ '1.0.2' ],
47 silly audit   once: [ '1.4.0' ],
47 silly audit   'opencollective-postinstall': [ '2.0.3' ],
47 silly audit   'optional-require': [ '1.1.8' ],
47 silly audit   optionator: [ '0.8.3' ],
47 silly audit   'os-homedir': [ '1.0.2' ],
47 silly audit   'p-limit': [ '2.3.0' ],
47 silly audit   'p-locate': [ '3.0.0' ],
47 silly audit   'p-map': [ '4.0.0' ],
47 silly audit   'p-try': [ '2.2.0' ],
47 silly audit   'package-hash': [ '3.0.0' ],
47 silly audit   'packet-reader': [ '1.0.0' ],
47 silly audit   'parse-json': [ '4.0.0' ],
47 silly audit   'parse-mongo-url': [ '1.1.1' ],
47 silly audit   parseurl: [ '1.3.3' ],
47 silly audit   'path-exists': [ '3.0.0' ],
47 silly audit   'path-is-absolute': [ '1.0.1' ],
47 silly audit   'path-parse': [ '1.0.7' ],
47 silly audit   'path-to-regexp': [ '0.1.7' ],
47 silly audit   'path-type': [ '3.0.0' ],
47 silly audit   pg: [ '8.8.0' ],
47 silly audit   'pg-connection-string': [ '2.5.0' ],
47 silly audit   'pg-int8': [ '1.0.1' ],
47 silly audit   'pg-pool': [ '3.5.2' ],
47 silly audit   'pg-protocol': [ '1.5.0' ],
47 silly audit   'pg-types': [ '2.2.0' ],
47 silly audit   pgpass: [ '1.0.5' ],
47 silly audit   picocolors: [ '1.0.0' ],
47 silly audit   picomatch: [ '2.3.1' ],
47 silly audit   'pkg-dir': [ '3.0.0' ],
47 silly audit   postcss: [ '8.4.17' ],
47 silly audit   'postcss-import': [ '14.1.0' ],
47 silly audit   'postcss-js': [ '4.0.0' ],
47 silly audit   'postcss-load-config': [ '3.1.4' ],
47 silly audit   'postcss-nested': [ '5.0.6' ],
47 silly audit   'postcss-selector-parser': [ '6.0.10' ],
47 silly audit   'postcss-value-parser': [ '4.2.0' ],
47 silly audit   'postgres-array': [ '2.0.0' ],
47 silly audit   'postgres-bytea': [ '1.0.0' ],
47 silly audit   'postgres-date': [ '1.0.7' ],
47 silly audit   'postgres-interval': [ '1.2.0' ],
47 silly audit   'prelude-ls': [ '1.1.2' ],
47 silly audit   'prism-media': [ '1.3.4' ],
47 silly audit   process: [ '0.11.10' ],
47 silly audit   'process-nextick-args': [ '2.0.1' ],
47 silly audit   'promise-inflight': [ '1.0.1' ],
47 silly audit   'promise-retry': [ '2.0.1' ],
47 silly audit   'proxy-addr': [ '2.0.7' ],
47 silly audit   pseudomap: [ '1.0.2' ],
47 silly audit   'pstree.remy': [ '1.1.8' ],
47 silly audit   qs: [ '6.11.0' ],
47 silly audit   'queue-microtask': [ '1.2.3' ],
47 silly audit   'quick-lru': [ '5.1.1' ],
47 silly audit   'random-bytes': [ '1.0.0' ],
47 silly audit   'range-parser': [ '1.2.1' ],
47 silly audit   'raw-body': [ '2.5.1' ],
47 silly audit   'read-cache': [ '1.0.0' ],
47 silly audit   'read-pkg': [ '3.0.0' ],
47 silly audit   'read-pkg-up': [ '4.0.0' ],
47 silly audit   readdirp: [ '3.6.0' ],
47 silly audit   'redis-errors': [ '1.2.0' ],
47 silly audit   'redis-parser': [ '3.0.0' ],
47 silly audit   'reflect-metadata': [ '0.1.13' ],
47 silly audit   'regexp.prototype.flags': [ '1.4.3' ],
47 silly audit   'release-zalgo': [ '1.0.0' ],
47 silly audit   'require-at': [ '1.0.6' ],
47 silly audit   'require-directory': [ '2.1.1' ],
47 silly audit   'require-main-filename': [ '2.0.0' ],
47 silly audit   resolve: [ '1.22.1' ],
47 silly audit   'resolve-from': [ '4.0.0' ],
47 silly audit   retry: [ '0.12.0' ],
47 silly audit   reusify: [ '1.0.4' ],
47 silly audit   'run-parallel': [ '1.2.0' ],
47 silly audit   'safe-regex-test': [ '1.0.0' ],
47 silly audit   'safer-buffer': [ '2.1.2' ],
47 silly audit   saslprep: [ '1.0.3' ],
47 silly audit   send: [ '0.18.0' ],
47 silly audit   'seq-queue': [ '0.0.5' ],
47 silly audit   'serve-static': [ '1.15.0' ],
47 silly audit   'set-blocking': [ '2.0.0' ],
47 silly audit   setimmediate: [ '1.0.5' ],
47 silly audit   setprototypeof: [ '1.2.0' ],
47 silly audit   'side-channel': [ '1.0.4' ],
47 silly audit   'signal-exit': [ '3.0.7' ],
47 silly audit   'simple-update-notifier': [ '1.0.7' ],
47 silly audit   'smart-buffer': [ '4.2.0' ],
47 silly audit   socks: [ '2.7.1' ],
47 silly audit   'socks-proxy-agent': [ '6.2.1' ],
47 silly audit   'source-map': [ '0.6.1' ],
47 silly audit   'source-map-js': [ '1.0.2' ],
47 silly audit   'source-map-support': [ '0.5.21' ],
47 silly audit   'sparse-bitfield': [ '3.0.3' ],
47 silly audit   'spawn-wrap': [ '1.4.3' ],
47 silly audit   'spdx-correct': [ '3.1.1' ],
47 silly audit   'spdx-exceptions': [ '2.3.0' ],
47 silly audit   'spdx-expression-parse': [ '3.0.1' ],
47 silly audit   'spdx-license-ids': [ '3.0.12' ],
47 silly audit   split2: [ '4.1.0' ],
47 silly audit   'sprintf-js': [ '1.0.3' ],
47 silly audit   sqlite3: [ '5.1.2' ],
47 silly audit   sqlstring: [ '2.3.3' ],
47 silly audit   ssri: [ '8.0.1' ],
47 silly audit   'standard-as-callback': [ '2.1.0' ],
47 silly audit   statuses: [ '2.0.1' ],
47 silly audit   'string-template': [ '1.0.0' ],
47 silly audit   'string.prototype.trimend': [ '1.0.5' ],
47 silly audit   'string.prototype.trimstart': [ '1.0.5' ],
47 silly audit   stringz: [ '2.1.0' ],
47 silly audit   'strip-bom': [ '3.0.0' ],
47 silly audit   stripe: [ '9.16.0' ],
47 silly audit   'supports-preserve-symlinks-flag': [ '1.0.0' ],
47 silly audit   tailwindcss: [ '3.1.8' ],
47 silly audit   tar: [ '6.1.11' ],
47 silly audit   'test-exclude': [ '5.2.3' ],
47 silly audit   thunky: [ '1.1.0' ],
47 silly audit   'to-fast-properties': [ '2.0.0' ],
47 silly audit   'to-mongodb-core': [ '2.0.0' ],
47 silly audit   'to-regex-range': [ '5.0.1' ],
47 silly audit   toidentifier: [ '1.0.1' ],
47 silly audit   touch: [ '3.1.0' ],
47 silly audit   tr46: [ '0.0.3' ],
47 silly audit   tslib: [ '2.3.1' ],
47 silly audit   tweetnacl: [ '1.0.3' ],
47 silly audit   'type-check': [ '0.3.2' ],
47 silly audit   'type-is': [ '1.6.18' ],
47 silly audit   'uid-safe': [ '2.1.5' ],
47 silly audit   'unbox-primitive': [ '1.0.2' ],
47 silly audit   undefsafe: [ '2.0.5' ],
47 silly audit   'unique-filename': [ '1.1.1' ],
47 silly audit   'unique-slug': [ '2.0.2' ],
47 silly audit   unpipe: [ '1.0.0' ],
47 silly audit   util: [ '0.12.4' ],
47 silly audit   'util-deprecate': [ '1.0.2' ],
47 silly audit   'utils-merge': [ '1.0.1' ],
47 silly audit   uuid: [ '3.4.0' ],
47 silly audit   'validate-npm-package-license': [ '3.0.4' ],
47 silly audit   validator: [ '13.7.0' ],
47 silly audit   vary: [ '1.1.2' ],
47 silly audit   warn: [ '1.0.1' ],
47 silly audit   'webidl-conversions': [ '3.0.1' ],
47 silly audit   'whatwg-url': [ '5.0.0' ],
47 silly audit   'which-boxed-primitive': [ '1.0.2' ],
47 silly audit   'which-module': [ '2.0.0' ],
47 silly audit   'which-typed-array': [ '1.1.8' ],
47 silly audit   'wide-align': [ '1.1.5' ],
47 silly audit   'word-wrap': [ '1.2.3' ],
47 silly audit   'wrap-ansi': [ '5.1.0' ],
47 silly audit   wrappy: [ '1.0.2' ],
47 silly audit   'write-file-atomic': [ '2.4.3' ],
47 silly audit   xtend: [ '4.0.2' ],
47 silly audit   y18n: [ '4.0.3' ],
47 silly audit   yaml: [ '1.10.2' ],
47 silly audit   yargs: [ '13.3.2' ],
47 silly audit   'yargs-parser': [ '13.1.2' ]
47 silly audit }
48 verbose reify failed optional dependency /home/container/node_modules/fsevents
49 silly reify mark deleted [ '/home/container/node_modules/fsevents' ]
50 timing reifyNode:node_modules/fsevents Completed in 49ms
51 timing reify:unpack Completed in 49ms
52 timing reify:unretire Completed in 0ms
53 timing build:queue Completed in 5ms
54 timing build:deps Completed in 5ms
55 timing build Completed in 5ms
56 timing reify:build Completed in 6ms
57 timing reify:trash Completed in 1ms
58 timing reify:save Completed in 150ms
59 http fetch POST 200 https://registry.npmjs.org/-/npm/v1/security/advisories/bulk 495ms
60 timing auditReport:getReport Completed in 506ms
61 silly audit report {
61 silly audit report   '@babel/traverse': [
61 silly audit report     {
61 silly audit report       id: 1096886,
61 silly audit report       url: 'https://github.com/advisories/GHSA-67hx-6x53-jw92',
61 silly audit report       title: 'Babel vulnerable to arbitrary code execution when compiling specifically crafted malicious code',
61 silly audit report       severity: 'critical',
61 silly audit report       vulnerable_versions: '<7.23.2',
61 silly audit report       cwe: [Array],
61 silly audit report       cvss: [Object]
61 silly audit report     }
61 silly audit report   ],
61 silly audit report   semver: [
61 silly audit report     {
61 silly audit report       id: 1098562,
61 silly audit report       url: 'https://github.com/advisories/GHSA-c2qf-rxjj-qqgw',
61 silly audit report       title: 'semver vulnerable to Regular Expression Denial of Service',
61 silly audit report       severity: 'high',
61 silly audit report       vulnerable_versions: '>=7.0.0 <7.5.2',
61 silly audit report       cwe: [Array],
61 silly audit report       cvss: [Object]
61 silly audit report     },
61 silly audit report     {
61 silly audit report       id: 1098563,
61 silly audit report       url: 'https://github.com/advisories/GHSA-c2qf-rxjj-qqgw',
61 silly audit report       title: 'semver vulnerable to Regular Expression Denial of Service',
61 silly audit report       severity: 'high',
61 silly audit report       vulnerable_versions: '<5.7.2',
61 silly audit report       cwe: [Array],
61 silly audit report       cvss: [Object]
61 silly audit report     },
61 silly audit report     {
61 silly audit report       id: 1098564,
61 silly audit report       url: 'https://github.com/advisories/GHSA-c2qf-rxjj-qqgw',
61 silly audit report       title: 'semver vulnerable to Regular Expression Denial of Service',
61 silly audit report       severity: 'high',
61 silly audit report       vulnerable_versions: '>=6.0.0 <6.3.1',
61 silly audit report       cwe: [Array],
61 silly audit report       cvss: [Object]
61 silly audit report     }
61 silly audit report   ],
61 silly audit report   axios: [
61 silly audit report     {
61 silly audit report       id: 1097679,
61 silly audit report       url: 'https://github.com/advisories/GHSA-wf5p-g6vw-rhxx',
61 silly audit report       title: 'Axios Cross-Site Request Forgery Vulnerability',
61 silly audit report       severity: 'moderate',
61 silly audit report       vulnerable_versions: '>=0.8.1 <0.28.0',
61 silly audit report       cwe: [Array],
61 silly audit report       cvss: [Object]
61 silly audit report     }
61 silly audit report   ],
61 silly audit report   'body-parser': [
61 silly audit report     {
61 silly audit report       id: 1099520,
61 silly audit report       url: 'https://github.com/advisories/GHSA-qwcr-r2fm-qrc7',
61 silly audit report       title: 'body-parser vulnerable to denial of service when url encoding is enabled',
61 silly audit report       severity: 'high',
61 silly audit report       vulnerable_versions: '<1.20.3',
61 silly audit report       cwe: [Array],
61 silly audit report       cvss: [Object]
61 silly audit report     }
61 silly audit report   ],
61 silly audit report   braces: [
61 silly audit report     {
61 silly audit report       id: 1098094,
61 silly audit report       url: 'https://github.com/advisories/GHSA-grv7-fg5c-xmjg',
61 silly audit report       title: 'Uncontrolled resource consumption in braces',
61 silly audit report       severity: 'high',
61 silly audit report       vulnerable_versions: '<3.0.3',
61 silly audit report       cwe: [Array],
61 silly audit report       cvss: [Object]
61 silly audit report     }
61 silly audit report   ],
61 silly audit report   'class-validator': [
61 silly audit report     {
61 silly audit report       id: 1088816,
61 silly audit report       url: 'https://github.com/advisories/GHSA-fj58-h2fr-3pp2',
61 silly audit report       title: 'SQL Injection and Cross-site Scripting in class-validator',
61 silly audit report       severity: 'critical',
61 silly audit report       vulnerable_versions: '<0.14.0',
61 silly audit report       cwe: [Array],
61 silly audit report       cvss: [Object]
61 silly audit report     }
61 silly audit report   ],
61 silly audit report   ejs: [
61 silly audit report     {
61 silly audit report       id: 1098366,
61 silly audit report       url: 'https://github.com/advisories/GHSA-ghr5-ch3p-vcr6',
61 silly audit report       title: 'ejs lacks certain pollution protection',
61 silly audit report       severity: 'moderate',
61 silly audit report       vulnerable_versions: '<3.1.10',
61 silly audit report       cwe: [Array],
61 silly audit report       cvss: [Object]
61 silly audit report     }
61 silly audit report   ],
61 silly audit report   express: [
61 silly audit report     {
61 silly audit report       id: 1096820,
61 silly audit report       url: 'https://github.com/advisories/GHSA-rv95-896h-c2vc',
61 silly audit report       title: 'Express.js Open Redirect in malformed URLs',
61 silly audit report       severity: 'moderate',
61 silly audit report       vulnerable_versions: '<4.19.2',
61 silly audit report       cwe: [Array],
61 silly audit report       cvss: [Object]
61 silly audit report     },
61 silly audit report     {
61 silly audit report       id: 1099529,
61 silly audit report       url: 'https://github.com/advisories/GHSA-qw6h-vgh9-j6wx',
61 silly audit report       title: 'express vulnerable to XSS via response.redirect()',
61 silly audit report       severity: 'moderate',
61 silly audit report       vulnerable_versions: '<4.20.0',
61 silly audit report       cwe: [Array],
61 silly audit report       cvss: [Object]
61 silly audit report     }
61 silly audit report   ],
61 silly audit report   ws: [
61 silly audit report     {
61 silly audit report       id: 1098393,
61 silly audit report       url: 'https://github.com/advisories/GHSA-3h5v-q93c-6h6q',
61 silly audit report       title: 'ws affected by a DoS when handling a request with many HTTP headers',
61 silly audit report       severity: 'high',
61 silly audit report       vulnerable_versions: '>=7.0.0 <7.5.10',
61 silly audit report       cwe: [Array],
61 silly audit report       cvss: [Object]
61 silly audit report     },
61 silly audit report     {
61 silly audit report       id: 1098395,
61 silly audit report       url: 'https://github.com/advisories/GHSA-3h5v-q93c-6h6q',
61 silly audit report       title: 'ws affected by a DoS when handling a request with many HTTP headers',
61 silly audit report       severity: 'high',
61 silly audit report       vulnerable_versions: '>=2.1.0 <5.2.4',
61 silly audit report       cwe: [Array],
61 silly audit report       cvss: [Object]
61 silly audit report     }
61 silly audit report   ],
61 silly audit report   'follow-redirects': [
61 silly audit report     {
61 silly audit report       id: 1096353,
61 silly audit report       url: 'https://github.com/advisories/GHSA-jchw-25xp-jwwc',
61 silly audit report       title: 'Follow Redirects improperly handles URLs in the url.parse() function',
61 silly audit report       severity: 'moderate',
61 silly audit report       vulnerable_versions: '<1.15.4',
61 silly audit report       cwe: [Array],
61 silly audit report       cvss: [Object]
61 silly audit report     },
61 silly audit report     {
61 silly audit report       id: 1096856,
61 silly audit report       url: 'https://github.com/advisories/GHSA-cxjh-pqwp-8mfp',
61 silly audit report       title: "follow-redirects' Proxy-Authorization header kept across hosts",
61 silly audit report       severity: 'moderate',
61 silly audit report       vulnerable_versions: '<=1.15.5',
61 silly audit report       cwe: [Array],
61 silly audit report       cvss: [Object]
61 silly audit report     }
61 silly audit report   ],
61 silly audit report   'http-cache-semantics': [
61 silly audit report     {
61 silly audit report       id: 1092316,
61 silly audit report       url: 'https://github.com/advisories/GHSA-rc47-6667-2j5j',
61 silly audit report       title: 'http-cache-semantics vulnerable to Regular Expression Denial of Service',
61 silly audit report       severity: 'high',
61 silly audit report       vulnerable_versions: '<4.1.1',
61 silly audit report       cwe: [Array],
61 silly audit report       cvss: [Object]
61 silly audit report     }
61 silly audit report   ],
61 silly audit report   ip: [
61 silly audit report     {
61 silly audit report       id: 1097721,
61 silly audit report       url: 'https://github.com/advisories/GHSA-78xj-cgh5-2h22',
61 silly audit report       title: 'NPM IP package incorrectly identifies some private IP addresses as public',
61 silly audit report       severity: 'low',
61 silly audit report       vulnerable_versions: '=2.0.0',
61 silly audit report       cwe: [Array],
61 silly audit report       cvss: [Object]
61 silly audit report     },
61 silly audit report     {
61 silly audit report       id: 1099357,
61 silly audit report       url: 'https://github.com/advisories/GHSA-2p57-rm9w-gvfp',
61 silly audit report       title: 'ip SSRF improper categorization in isPublic',
61 silly audit report       severity: 'high',
61 silly audit report       vulnerable_versions: '<=2.0.1',
61 silly audit report       cwe: [Array],
61 silly audit report       cvss: [Object]
61 silly audit report     }
61 silly audit report   ],
61 silly audit report   micromatch: [
61 silly audit report     {
61 silly audit report       id: 1098681,
61 silly audit report       url: 'https://github.com/advisories/GHSA-952p-6rrq-rcjv',
61 silly audit report       title: 'Regular Expression Denial of Service (ReDoS) in micromatch',
61 silly audit report       severity: 'moderate',
61 silly audit report       vulnerable_versions: '<4.0.8',
61 silly audit report       cwe: [Array],
61 silly audit report       cvss: [Object]
61 silly audit report     }
61 silly audit report   ],
61 silly audit report   mysql2: [
61 silly audit report     {
61 silly audit report       id: 1096970,
61 silly audit report       url: 'https://github.com/advisories/GHSA-fpw7-j2hg-69v5',
61 silly audit report       title: 'mysql2 Remote Code Execution (RCE) via the readCodeFor function',
61 silly audit report       severity: 'critical',
61 silly audit report       vulnerable_versions: '<3.9.4',
61 silly audit report       cwe: [Array],
61 silly audit report       cvss: [Object]
61 silly audit report     },
61 silly audit report     {
61 silly audit report       id: 1097180,
61 silly audit report       url: 'https://github.com/advisories/GHSA-4rch-2fh8-94vw',
61 silly audit report       title: 'MySQL2 for Node Arbitrary Code Injection',
61 silly audit report       severity: 'critical',
61 silly audit report       vulnerable_versions: '<3.9.7',
61 silly audit report       cwe: [Array],
61 silly audit report       cvss: [Object]
61 silly audit report     },
61 silly audit report     {
61 silly audit report       id: 1097488,
61 silly audit report       url: 'https://github.com/advisories/GHSA-pmh2-wpjm-fj45',
61 silly audit report       title: 'mysql2 vulnerable to Prototype Pollution',
61 silly audit report       severity: 'high',
61 silly audit report       vulnerable_versions: '<3.9.8',
61 silly audit report       cwe: [Array],
61 silly audit report       cvss: [Object]
61 silly audit report     },
61 silly audit report     {
61 silly audit report       id: 1098367,
61 silly audit report       url: 'https://github.com/advisories/GHSA-mqr2-w7wj-jjgr',
61 silly audit report       title: 'mysql2 cache poisoning vulnerability',
61 silly audit report       severity: 'moderate',
61 silly audit report       vulnerable_versions: '<3.9.3',
61 silly audit report       cwe: [Array],
61 silly audit report       cvss: [Object]
61 silly audit report     },
61 silly audit report     {
61 silly audit report       id: 1098617,
61 silly audit report       url: 'https://github.com/advisories/GHSA-49j4-86m8-q2jw',
61 silly audit report       title: 'mysql2 vulnerable to Prototype Poisoning',
61 silly audit report       severity: 'moderate',
61 silly audit report       vulnerable_versions: '<3.9.4',
61 silly audit report       cwe: [Array],
61 silly audit report       cvss: [Object]
61 silly audit report     }
61 silly audit report   ],
61 silly audit report   'path-to-regexp': [
61 silly audit report     {
61 silly audit report       id: 1099562,
61 silly audit report       url: 'https://github.com/advisories/GHSA-9wv6-86v2-598j',
61 silly audit report       title: 'path-to-regexp outputs backtracking regular expressions',
61 silly audit report       severity: 'high',
61 silly audit report       vulnerable_versions: '<0.1.10',
61 silly audit report       cwe: [Array],
61 silly audit report       cvss: [Object]
61 silly audit report     }
61 silly audit report   ],
61 silly audit report   postcss: [
61 silly audit report     {
61 silly audit report       id: 1094544,
61 silly audit report       url: 'https://github.com/advisories/GHSA-7fh5-64p2-3v2j',
61 silly audit report       title: 'PostCSS line return parsing error',
61 silly audit report       severity: 'moderate',
61 silly audit report       vulnerable_versions: '<8.4.31',
61 silly audit report       cwe: [Array],
61 silly audit report       cvss: [Object]
61 silly audit report     }
61 silly audit report   ],
61 silly audit report   send: [
61 silly audit report     {
61 silly audit report       id: 1099525,
61 silly audit report       url: 'https://github.com/advisories/GHSA-m6fv-jmcg-4jfg',
61 silly audit report       title: 'send vulnerable to template injection that can lead to XSS',
61 silly audit report       severity: 'moderate',
61 silly audit report       vulnerable_versions: '<0.19.0',
61 silly audit report       cwe: [Array],
61 silly audit report       cvss: [Object]
61 silly audit report     }
61 silly audit report   ],
61 silly audit report   'serve-static': [
61 silly audit report     {
61 silly audit report       id: 1099527,
61 silly audit report       url: 'https://github.com/advisories/GHSA-cm22-4g7w-348p',
61 silly audit report       title: 'serve-static vulnerable to template injection that can lead to XSS',
61 silly audit report       severity: 'moderate',
61 silly audit report       vulnerable_versions: '<1.16.0',
61 silly audit report       cwe: [Array],
61 silly audit report       cvss: [Object]
61 silly audit report     }
61 silly audit report   ],
61 silly audit report   sqlite3: [
61 silly audit report     {
61 silly audit report       id: 1091460,
61 silly audit report       url: 'https://github.com/advisories/GHSA-jqv5-7xpx-qj74',
61 silly audit report       title: 'sqlite vulnerable to code execution due to Object coercion',
61 silly audit report       severity: 'high',
61 silly audit report       vulnerable_versions: '>=5.0.0 <5.1.5',
61 silly audit report       cwe: [Array],
61 silly audit report       cvss: [Object]
61 silly audit report     }
61 silly audit report   ],
61 silly audit report   tar: [
61 silly audit report     {
61 silly audit report       id: 1097493,
61 silly audit report       url: 'https://github.com/advisories/GHSA-f5x3-32g6-xq36',
61 silly audit report       title: 'Denial of service while parsing a tar file due to lack of folders count validation',
61 silly audit report       severity: 'moderate',
61 silly audit report       vulnerable_versions: '<6.2.1',
61 silly audit report       cwe: [Array],
61 silly audit report       cvss: [Object]
61 silly audit report     }
61 silly audit report   ],
61 silly audit report   'word-wrap': [
61 silly audit report     {
61 silly audit report       id: 1097681,
61 silly audit report       url: 'https://github.com/advisories/GHSA-j8xg-fqg3-53r7',
61 silly audit report       title: 'word-wrap vulnerable to Regular Expression Denial of Service',
61 silly audit report       severity: 'moderate',
61 silly audit report       vulnerable_versions: '<1.2.4',
61 silly audit report       cwe: [Array],
61 silly audit report       cvss: [Object]
61 silly audit report     }
61 silly audit report   ]
61 silly audit report }
62 timing metavuln:cache:get:security-advisory:semver:opCi/aWaSKqONMYnfnFEDkv8YHQsLRfA3enlX2IHlHYfFwv+CTH+ItWyYx1Vqalh3HK+Lk+xMxcq/HjPXMZwBQ== Completed in 35ms
63 timing metavuln:cache:get:security-advisory:@babel/traverse:fh8hTevxKxxB/TjPLuIqX0xLWISD9TTk1zuqINuUa51u0luhTDHL+nc9unv55+ZUTUbbXP13tqvYywrH1nLIwg== Completed in 36ms
64 timing metavuln:cache:get:security-advisory:semver:p+D+39wHY++/R33lUZG0KMP/hnOnJRkXbZzFUhU/wj3DA/pIbzZMGbxR9nwfqnZOi8we3cv5YqWbADcimZK1zA== Completed in 34ms
65 timing metavuln:cache:get:security-advisory:semver:rdIaM4IHRiV5W+0rBaujH8woXF8jX6QsWygSvAgx/mWGl1Fkg+2iT3YwpZhnGHRem0uOaOaU2DzASF/vkxJTbA== Completed in 35ms
66 timing metavuln:cache:get:security-advisory:axios:Oi6B9AucyObhJnAMQYb3eyigkQbiqrclLJ09eDn16DgUHYfFa+9WQjxUGArwnF1cWOy0gbdKMrAbkp8xW8Fwkg== Completed in 35ms
67 timing metavuln:cache:get:security-advisory:class-validator:ZQvTaJ3fOEenIRLw/eyOt8nhdREaVjJbeSksG9K7Qe19WmYVDarESeg3VTr8WveeAr7yC2Xs/HGzhE+uSYck9Q== Completed in 34ms
68 timing metavuln:cache:get:security-advisory:body-parser:uoEU0GS6gk35ZdcQ5nagZYzZcDz5Th0PEvPIVa8rzwbO20pRdxYbAhpIm6Wc5MALXoWb1C4X8WqCtH02U0Wo1A== Completed in 35ms
69 timing metavuln:cache:get:security-advisory:braces:JiXBFkEDkUnBQLw3PO6emUmmm2JXqgEbh+FhB3SNDS8k6Z0wM20irrfaOjjxYuMxZaKaDudvR037mtEoeqZzXw== Completed in 34ms
70 timing metavuln:cache:get:security-advisory:ejs:QE8Qs5gURje8PbOQVOIEI9wuoI/lZw2VQZ2936+kDgDKfaokxs2akflJBZb88K78hqDBTVkZQSF++qtcd8Vuxg== Completed in 34ms
71 timing metavuln:cache:get:security-advisory:express:lBXrUDHGQ8w6TsFbfO+dIpiL3mSEKXOF2OuvW+b7kHxIhUYJTgPXfCu70PLwR+5DiyOmPyeCmimiWIYaeIPBdw== Completed in 34ms
72 timing metavuln:cache:get:security-advisory:express:hVvNcW1vjxrtQmaCwPKfE4Z8R62gR0ULNfdF0CLFRiFJto5sSTez9DCVLJ7vjZWLLbcdnPaPDC9ZDCECldX4GQ== Completed in 34ms
73 timing metavuln:cache:get:security-advisory:ws:N8g2qAUvG7gJk0uIxvf7eawnYiVM58YMaKRZl7X9WWy+42qPe0Hts/0lWzP3xVay7NIbSsW6+HWbKdYCtuWhlw== Completed in 33ms
74 timing metavuln:cache:get:security-advisory:follow-redirects:jg0VmBuYg0rFvpkG3wK2nkx/yTpb1zmGLVl2eFwdShSNm11ekkwkWcvLLCcHYAvNL4IcTZ2Yt/Gv7gSI5zO32A== Completed in 34ms
75 timing metavuln:cache:get:security-advisory:ws:civo+CIvPLWDQVOc91qd+aasg2Zp0tbqb+JHqZrHoVm4H0KpB1jMXWk+ZCuT97vfHKZBBx6V2T1Rbl0ZOyIIFQ== Completed in 34ms
76 timing metavuln:cache:get:security-advisory:follow-redirects:rD8yi3a8mVyeNvoX3wItq4e+Oa65QVDtc8KKes6VfIYPKX53VkWnOuxGYgUihdiwlz4i5mjg4yX/2qVYafhjyA== Completed in 33ms
77 timing metavuln:cache:get:security-advisory:http-cache-semantics:Lj4BVBzjL9z/yYrUmXKlt+AedaadCaX7vOwcAE96kXPxTXXWmT7zHc8YpCPtf9dP/zBv7FXnazU79DimDkdYmg== Completed in 33ms
78 timing metavuln:cache:get:security-advisory:ip:b30c5XyTTW4mB+FTN7C/h1vhoJFO9OI8Q+LTllMkSK3uH9C7IrxRvaSJh85+QHMX79NvRWdtpRRPVOFX+5JL7A== Completed in 33ms
79 timing metavuln:cache:get:security-advisory:ip:OJeo7tUWWyIh6QXADJtWrUkbzj0VhAfCmPTk6UVVoO5bD9tsqTnaNWVGSOXk9X+9QDW2vzTUF/sHZpD6agisng== Completed in 32ms
80 timing metavuln:cache:get:security-advisory:micromatch:TlYHmS8BZBwkbsPHbTfH2/e91KJnOnqfC63ZoKdiRy+yt6biPd8BwjBdyfPUht1+ZO675I3Gg00RQPYaWiOm8Q== Completed in 33ms
81 timing metavuln:cache:get:security-advisory:mysql2:f9tJ+XFSOuhO6UJz+PX3PYefCs4Yhe4A0JFz3PmeVr/1MNfRXhCiMPPvvvc5Pd3QuAPx+6HRJ0vYFN0J0/0xGw== Completed in 32ms
82 timing metavuln:cache:get:security-advisory:mysql2:Jrpazv6mxx1U/xToqRpT5PC9QlcdGzsiQf34TjVpBhr2y7Zf7p+FK0cJHuVcmAQuLrhrf5JHQy4CcrhfwLYcJg== Completed in 33ms
83 timing metavuln:cache:get:security-advisory:mysql2:NKOtgC+ZWhH8fsT1n0HOUC1OIrTw79rmjmganIT8w57E9RHVgy7JKjXNI/nl5HZj7k92t6q96qjEnGi8qz/cZA== Completed in 32ms
84 timing metavuln:cache:get:security-advisory:mysql2:ldXlKG6ne0/FplTYGPuv9tCzeW4zZylf/FqzD3LbtefBI59Y9Al8c53S2vBh1Tb6z/GIbQSD8INMstIuUTNIqA== Completed in 32ms
85 timing metavuln:cache:get:security-advisory:mysql2:B6jq/5JxUPjE40HIBSwBSKPg/LS/P4MLqz1qSU2njWu7DwAcPHlLxg6M7WcxuDuK7J0qC/aqQbGAhpo9fZCjdw== Completed in 33ms
86 timing metavuln:cache:get:security-advisory:postcss:ylHlqxOD5gx7vcQurwTZyQHJsodRCM2yV95izcDPSahj+DDa6IEdlDh7BWAlf7fDDEd+NyVQHm50pHmcApHI4w== Completed in 33ms
87 timing metavuln:cache:get:security-advisory:path-to-regexp:MGO+1pdJTigPi3TXGZyVn35t2czXVkYs+fgMO7RE91yslgH9FQoQuUVMgE+5KM1TF4oevhUauG5tddQcIK8Fzg== Completed in 33ms
88 timing metavuln:cache:get:security-advisory:send:OShLTeaftGdoI6AC7xvJ84fklSsg8XN9g5w+pRFqXWtM66RkMgSjQaSgIRFeMMpYy/URhePqWfUgvGta5cUXXw== Completed in 32ms
89 timing metavuln:cache:get:security-advisory:serve-static:6/5/7wCvhynQFLFlm3uAL70rYGPKRtebq7fww92FL5lg7aniCfsBAW3IWMWnLUwSQWZGUr38TziTDlnBorKdEg== Completed in 32ms
90 timing metavuln:cache:get:security-advisory:sqlite3:N0MKuo+nJTvv3HgqBPG0+LU/5OEP/p0SveHcF1Tk+rdOISfnerNXQeaC2p6cHLZxHHc+3cY/gSTyve/x0tux+A== Completed in 32ms
91 timing metavuln:cache:get:security-advisory:word-wrap:KuD0u0TEe1lJ9Y8nnHJk0i8e4gFvU7OHiKayejHAsg0tkhQi4DZJqW9IueFOjMTqOQfbmCZrpVfHV9PCkdQdeA== Completed in 31ms
92 timing metavuln:cache:get:security-advisory:tar:xsfciMtNhQn+Vb692L8h5HEYBYUJ5Lhjy3bF//LOsKSn8tp0f1hbuDX26k9UtKJNPZjM5uuq2Cxlz3KwL19oJg== Completed in 33ms
93 http fetch GET 200 https://registry.npmjs.org/axios 116ms (cache revalidated)
94 timing metavuln:packument:axios Completed in 119ms
95 timing metavuln:load:security-advisory:axios:1097679 Completed in 1ms
96 timing metavuln:calculate:security-advisory:axios:1097679 Completed in 120ms
97 http fetch GET 200 https://registry.npmjs.org/braces 140ms (cache revalidated)
98 timing metavuln:packument:braces Completed in 141ms
99 timing metavuln:load:security-advisory:braces:1098094 Completed in 0ms
100 timing metavuln:calculate:security-advisory:braces:1098094 Completed in 141ms
101 http fetch GET 200 https://registry.npmjs.org/http-cache-semantics 145ms (cache revalidated)
102 timing metavuln:packument:http-cache-semantics Completed in 145ms
103 timing metavuln:load:security-advisory:http-cache-semantics:1092316 Completed in 0ms
104 timing metavuln:calculate:security-advisory:http-cache-semantics:1092316 Completed in 145ms
105 http fetch GET 200 https://registry.npmjs.org/follow-redirects 154ms (cache revalidated)
106 timing metavuln:packument:follow-redirects Completed in 156ms
107 timing metavuln:load:security-advisory:follow-redirects:1096353 Completed in 0ms
108 timing metavuln:calculate:security-advisory:follow-redirects:1096353 Completed in 157ms
109 timing metavuln:load:security-advisory:follow-redirects:1096856 Completed in 0ms
110 timing metavuln:calculate:security-advisory:follow-redirects:1096856 Completed in 156ms
111 http fetch GET 200 https://registry.npmjs.org/path-to-regexp 160ms (cache revalidated)
112 timing metavuln:packument:path-to-regexp Completed in 161ms
113 timing metavuln:load:security-advisory:path-to-regexp:1099562 Completed in 1ms
114 timing metavuln:calculate:security-advisory:path-to-regexp:1099562 Completed in 162ms
115 http fetch GET 200 https://registry.npmjs.org/semver 170ms (cache revalidated)
116 timing metavuln:packument:semver Completed in 171ms
117 timing metavuln:load:security-advisory:semver:1098562 Completed in 1ms
118 timing metavuln:calculate:security-advisory:semver:1098562 Completed in 172ms
119 timing metavuln:load:security-advisory:semver:1098563 Completed in 0ms
120 timing metavuln:calculate:security-advisory:semver:1098563 Completed in 171ms
121 timing metavuln:load:security-advisory:semver:1098564 Completed in 1ms
122 timing metavuln:calculate:security-advisory:semver:1098564 Completed in 172ms
123 http fetch GET 200 https://registry.npmjs.org/sqlite3 173ms (cache revalidated)
124 timing metavuln:packument:sqlite3 Completed in 174ms
125 timing metavuln:load:security-advisory:sqlite3:1091460 Completed in 0ms
126 timing metavuln:calculate:security-advisory:sqlite3:1091460 Completed in 174ms
127 http fetch GET 200 https://registry.npmjs.org/send 175ms (cache revalidated)
128 timing metavuln:packument:send Completed in 176ms
129 timing metavuln:load:security-advisory:send:1099525 Completed in 1ms
130 timing metavuln:calculate:security-advisory:send:1099525 Completed in 177ms
131 http fetch GET 200 https://registry.npmjs.org/class-validator 184ms (cache revalidated)
132 timing metavuln:packument:class-validator Completed in 186ms
133 timing metavuln:load:security-advisory:class-validator:1088816 Completed in 1ms
134 timing metavuln:calculate:security-advisory:class-validator:1088816 Completed in 187ms
135 http fetch GET 200 https://registry.npmjs.org/ejs 186ms (cache revalidated)
136 timing metavuln:packument:ejs Completed in 187ms
137 timing metavuln:load:security-advisory:ejs:1098366 Completed in 1ms
138 timing metavuln:calculate:security-advisory:ejs:1098366 Completed in 189ms
139 http fetch GET 200 https://registry.npmjs.org/postcss 184ms (cache revalidated)
140 timing metavuln:packument:postcss Completed in 190ms
141 timing metavuln:load:security-advisory:postcss:1094544 Completed in 1ms
142 timing metavuln:calculate:security-advisory:postcss:1094544 Completed in 191ms
143 http fetch GET 200 https://registry.npmjs.org/mysql2 194ms (cache revalidated)
144 timing metavuln:packument:mysql2 Completed in 198ms
145 timing metavuln:load:security-advisory:mysql2:1096970 Completed in 1ms
146 timing metavuln:calculate:security-advisory:mysql2:1096970 Completed in 199ms
147 timing metavuln:load:security-advisory:mysql2:1097180 Completed in 1ms
148 timing metavuln:calculate:security-advisory:mysql2:1097180 Completed in 199ms
149 timing metavuln:load:security-advisory:mysql2:1097488 Completed in 2ms
150 timing metavuln:calculate:security-advisory:mysql2:1097488 Completed in 201ms
151 timing metavuln:load:security-advisory:mysql2:1098367 Completed in 1ms
152 timing metavuln:calculate:security-advisory:mysql2:1098367 Completed in 202ms
153 timing metavuln:load:security-advisory:mysql2:1098617 Completed in 1ms
154 timing metavuln:calculate:security-advisory:mysql2:1098617 Completed in 203ms
155 http fetch GET 200 https://registry.npmjs.org/ip 205ms (cache revalidated)
156 timing metavuln:packument:ip Completed in 206ms
157 timing metavuln:load:security-advisory:ip:1097721 Completed in 0ms
158 timing metavuln:calculate:security-advisory:ip:1097721 Completed in 207ms
159 timing metavuln:load:security-advisory:ip:1099357 Completed in 0ms
160 timing metavuln:calculate:security-advisory:ip:1099357 Completed in 206ms
161 http fetch GET 200 https://registry.npmjs.org/express 210ms (cache revalidated)
162 timing metavuln:packument:express Completed in 215ms
163 timing metavuln:load:security-advisory:express:1096820 Completed in 1ms
164 timing metavuln:calculate:security-advisory:express:1096820 Completed in 216ms
165 timing metavuln:load:security-advisory:express:1099529 Completed in 2ms
166 timing metavuln:calculate:security-advisory:express:1099529 Completed in 218ms
167 http fetch GET 200 https://registry.npmjs.org/word-wrap 219ms (cache revalidated)
168 timing metavuln:packument:word-wrap Completed in 220ms
169 timing metavuln:load:security-advisory:word-wrap:1097681 Completed in 0ms
170 timing metavuln:calculate:security-advisory:word-wrap:1097681 Completed in 221ms
171 http fetch GET 200 https://registry.npmjs.org/@babel%2ftraverse 231ms (cache revalidated)
172 timing metavuln:packument:@babel/traverse Completed in 235ms
173 timing metavuln:load:security-advisory:@babel/traverse:1096886 Completed in 3ms
174 timing metavuln:calculate:security-advisory:@babel/traverse:1096886 Completed in 239ms
175 http fetch GET 200 https://registry.npmjs.org/serve-static 241ms (cache revalidated)
176 timing metavuln:packument:serve-static Completed in 242ms
177 timing metavuln:load:security-advisory:serve-static:1099527 Completed in 0ms
178 timing metavuln:calculate:security-advisory:serve-static:1099527 Completed in 242ms
179 http fetch GET 200 https://registry.npmjs.org/tar 242ms (cache revalidated)
180 timing metavuln:packument:tar Completed in 244ms
181 timing metavuln:load:security-advisory:tar:1097493 Completed in 0ms
182 timing metavuln:calculate:security-advisory:tar:1097493 Completed in 245ms
183 http fetch GET 200 https://registry.npmjs.org/ws 251ms (cache revalidated)
184 timing metavuln:packument:ws Completed in 253ms
185 timing metavuln:load:security-advisory:ws:1098393 Completed in 1ms
186 timing metavuln:calculate:security-advisory:ws:1098393 Completed in 254ms
187 timing metavuln:load:security-advisory:ws:1098395 Completed in 0ms
188 timing metavuln:calculate:security-advisory:ws:1098395 Completed in 254ms
189 http fetch GET 200 https://registry.npmjs.org/body-parser 258ms (cache revalidated)
190 timing metavuln:packument:body-parser Completed in 260ms
191 timing metavuln:load:security-advisory:body-parser:1099520 Completed in 0ms
192 timing metavuln:calculate:security-advisory:body-parser:1099520 Completed in 261ms
193 http fetch GET 200 https://registry.npmjs.org/micromatch 256ms (cache revalidated)
194 timing metavuln:packument:micromatch Completed in 257ms
195 timing metavuln:load:security-advisory:micromatch:1098681 Completed in 0ms
196 timing metavuln:calculate:security-advisory:micromatch:1098681 Completed in 257ms
197 timing metavuln:cache:get:security-advisory:istanbul-lib-instrument:9515T5brkoZpmAcZiCTWeq1Q8Yzn2LOcdhSjjgnUycwUUv7lzwr8SFiBzErnJNYOXshePkOlkx//Iz7aVgD7cg== Completed in 2ms
198 http fetch GET 200 https://registry.npmjs.org/istanbul-lib-instrument 37ms (cache revalidated)
199 timing metavuln:packument:istanbul-lib-instrument Completed in 38ms
200 timing metavuln:load:security-advisory:istanbul-lib-instrument:fh8hTevxKxxB/TjPLuIqX0xLWISD9TTk1zuqINuUa51u0luhTDHL+nc9unv55+ZUTUbbXP13tqvYywrH1nLIwg== Completed in 1ms
201 timing metavuln:calculate:security-advisory:istanbul-lib-instrument:fh8hTevxKxxB/TjPLuIqX0xLWISD9TTk1zuqINuUa51u0luhTDHL+nc9unv55+ZUTUbbXP13tqvYywrH1nLIwg== Completed in 39ms
202 timing metavuln:cache:get:security-advisory:@mapbox/node-pre-gyp:kuDn77tblWWIey1vBzzb9Pzbp13VhLIfNJGpIqhOEoiEp/QjmKDZNRh+qlG2lBbb2EQ1Kp99AthVFVMQq8fi4Q== Completed in 8ms
203 timing metavuln:cache:get:security-advisory:node-gyp:tUsndz6ksLI/lb7EI8VUoEIJdmSjLNqBw7XSz+nt37Kjr3BXCN/3dwzV+zwZ2j3JRifBSU66/FrOOv0OZXyNzg== Completed in 5ms
204 timing metavuln:cache:get:security-advisory:simple-update-notifier:VmVhQImG+QKVWnlNW5yp1zHUOx/ZRnbSImuBAMs3JcawiSqH/9EH24+HabREtz3rIxJpMx8t/03D1fhp2B5M3g== Completed in 5ms
205 timing metavuln:cache:get:security-advisory:@npmcli/fs:E0g9EOKHLm6fiEw+iOE/qoxaE7pc5tzEe+i+yhw8HeK+LF76A4RuS44boxG/QM4hP9yW+boCFDxD6FOyyejUjg== Completed in 6ms
206 http fetch GET 200 https://registry.npmjs.org/node-gyp 37ms (cache revalidated)
207 timing metavuln:packument:node-gyp Completed in 39ms
208 timing metavuln:load:security-advisory:node-gyp:opCi/aWaSKqONMYnfnFEDkv8YHQsLRfA3enlX2IHlHYfFwv+CTH+ItWyYx1Vqalh3HK+Lk+xMxcq/HjPXMZwBQ== Completed in 1ms
209 timing metavuln:calculate:security-advisory:node-gyp:opCi/aWaSKqONMYnfnFEDkv8YHQsLRfA3enlX2IHlHYfFwv+CTH+ItWyYx1Vqalh3HK+Lk+xMxcq/HjPXMZwBQ== Completed in 40ms
210 http fetch GET 200 https://registry.npmjs.org/simple-update-notifier 51ms (cache revalidated)
211 timing metavuln:packument:simple-update-notifier Completed in 52ms
212 timing metavuln:load:security-advisory:simple-update-notifier:opCi/aWaSKqONMYnfnFEDkv8YHQsLRfA3enlX2IHlHYfFwv+CTH+ItWyYx1Vqalh3HK+Lk+xMxcq/HjPXMZwBQ== Completed in 0ms
213 timing metavuln:calculate:security-advisory:simple-update-notifier:opCi/aWaSKqONMYnfnFEDkv8YHQsLRfA3enlX2IHlHYfFwv+CTH+ItWyYx1Vqalh3HK+Lk+xMxcq/HjPXMZwBQ== Completed in 53ms
214 http fetch GET 200 https://registry.npmjs.org/@npmcli%2ffs 91ms (cache revalidated)
215 timing metavuln:packument:@npmcli/fs Completed in 92ms
216 timing metavuln:load:security-advisory:@npmcli/fs:opCi/aWaSKqONMYnfnFEDkv8YHQsLRfA3enlX2IHlHYfFwv+CTH+ItWyYx1Vqalh3HK+Lk+xMxcq/HjPXMZwBQ== Completed in 0ms
217 timing metavuln:calculate:security-advisory:@npmcli/fs:opCi/aWaSKqONMYnfnFEDkv8YHQsLRfA3enlX2IHlHYfFwv+CTH+ItWyYx1Vqalh3HK+Lk+xMxcq/HjPXMZwBQ== Completed in 92ms
218 http fetch GET 200 https://registry.npmjs.org/@mapbox%2fnode-pre-gyp 282ms (cache revalidated)
219 timing metavuln:packument:@mapbox/node-pre-gyp Completed in 283ms
220 timing metavuln:load:security-advisory:@mapbox/node-pre-gyp:opCi/aWaSKqONMYnfnFEDkv8YHQsLRfA3enlX2IHlHYfFwv+CTH+ItWyYx1Vqalh3HK+Lk+xMxcq/HjPXMZwBQ== Completed in 0ms
221 timing metavuln:calculate:security-advisory:@mapbox/node-pre-gyp:opCi/aWaSKqONMYnfnFEDkv8YHQsLRfA3enlX2IHlHYfFwv+CTH+ItWyYx1Vqalh3HK+Lk+xMxcq/HjPXMZwBQ== Completed in 284ms
222 timing metavuln:cache:get:security-advisory:make-dir:qDBJ95JhJ3XXsgDrUY35Qq3u8DXfNUiuBDq6xaZVeP0US97POSkAKv7leYswBsRY4sBCnnyNO5Ize2BpSKzYqQ== Completed in 4ms
223 timing metavuln:cache:get:security-advisory:normalize-package-data:EaQxXSCVAE62N24ShffhBYfVoTP76mi1QnGscDU3XnTVIXqLs6ToqP5Aj0eNbn84zqBqMTEZKR3g55VJrcJ5VQ== Completed in 4ms
224 timing metavuln:cache:get:security-advisory:nodemon:ouY0IAecx8qMcrFXqmATTSXsihtbWoPjBAR8nmYWuVT7kC6HRakd/4wxC5vDxe59HGTa8TxkjosTiYGDhgciTQ== Completed in 5ms
225 http fetch GET 200 https://registry.npmjs.org/make-dir 36ms (cache revalidated)
226 timing metavuln:packument:make-dir Completed in 36ms
227 timing metavuln:load:security-advisory:make-dir:p+D+39wHY++/R33lUZG0KMP/hnOnJRkXbZzFUhU/wj3DA/pIbzZMGbxR9nwfqnZOi8we3cv5YqWbADcimZK1zA== Completed in 0ms
228 timing metavuln:calculate:security-advisory:make-dir:p+D+39wHY++/R33lUZG0KMP/hnOnJRkXbZzFUhU/wj3DA/pIbzZMGbxR9nwfqnZOi8we3cv5YqWbADcimZK1zA== Completed in 37ms
229 http fetch GET 200 https://registry.npmjs.org/normalize-package-data 46ms (cache revalidated)
230 timing metavuln:packument:normalize-package-data Completed in 48ms
231 timing metavuln:load:security-advisory:normalize-package-data:p+D+39wHY++/R33lUZG0KMP/hnOnJRkXbZzFUhU/wj3DA/pIbzZMGbxR9nwfqnZOi8we3cv5YqWbADcimZK1zA== Completed in 0ms
232 timing metavuln:calculate:security-advisory:normalize-package-data:p+D+39wHY++/R33lUZG0KMP/hnOnJRkXbZzFUhU/wj3DA/pIbzZMGbxR9nwfqnZOi8we3cv5YqWbADcimZK1zA== Completed in 48ms
233 http fetch GET 200 https://registry.npmjs.org/nodemon 58ms (cache revalidated)
234 timing metavuln:packument:nodemon Completed in 62ms
235 timing metavuln:load:security-advisory:nodemon:p+D+39wHY++/R33lUZG0KMP/hnOnJRkXbZzFUhU/wj3DA/pIbzZMGbxR9nwfqnZOi8we3cv5YqWbADcimZK1zA== Completed in 0ms
236 timing metavuln:calculate:security-advisory:nodemon:p+D+39wHY++/R33lUZG0KMP/hnOnJRkXbZzFUhU/wj3DA/pIbzZMGbxR9nwfqnZOi8we3cv5YqWbADcimZK1zA== Completed in 63ms
237 timing metavuln:cache:get:security-advisory:make-dir:4mEtmCltvPmWQUYgzrJRceXWU20a4n2VdbkP3iuSf9JcY+ciVfAn2jwHMn5Ky2Bp/eHAVZKg78VkzXmUBTJcVw== Completed in 2ms
238 timing metavuln:load:security-advisory:make-dir:rdIaM4IHRiV5W+0rBaujH8woXF8jX6QsWygSvAgx/mWGl1Fkg+2iT3YwpZhnGHRem0uOaOaU2DzASF/vkxJTbA== Completed in 0ms
239 timing metavuln:calculate:security-advisory:make-dir:rdIaM4IHRiV5W+0rBaujH8woXF8jX6QsWygSvAgx/mWGl1Fkg+2iT3YwpZhnGHRem0uOaOaU2DzASF/vkxJTbA== Completed in 2ms
240 timing metavuln:cache:get:security-advisory:istanbul-lib-instrument:Jz+aLedcUQ5nv8KeI/49kn+g1Wu4bKZPnA7XQgmqZmbFfc2B2peNumvpvnF7OrevKtVC64QjubKp1EG1I82zfg== Completed in 3ms
241 timing metavuln:load:security-advisory:istanbul-lib-instrument:rdIaM4IHRiV5W+0rBaujH8woXF8jX6QsWygSvAgx/mWGl1Fkg+2iT3YwpZhnGHRem0uOaOaU2DzASF/vkxJTbA== Completed in 0ms
242 timing metavuln:calculate:security-advisory:istanbul-lib-instrument:rdIaM4IHRiV5W+0rBaujH8woXF8jX6QsWygSvAgx/mWGl1Fkg+2iT3YwpZhnGHRem0uOaOaU2DzASF/vkxJTbA== Completed in 3ms
243 timing metavuln:cache:get:security-advisory:express:jvTd6gzTcOHtTpI+4CX7Ne4qICdj+n1Uun+dHPDk1JAyy9ltqA8JnsvVhBi+M0Y+kR5QoSv5YqjecJACWBUhEA== Completed in 1ms
244 timing metavuln:load:security-advisory:express:uoEU0GS6gk35ZdcQ5nagZYzZcDz5Th0PEvPIVa8rzwbO20pRdxYbAhpIm6Wc5MALXoWb1C4X8WqCtH02U0Wo1A== Completed in 2ms
245 timing metavuln:calculate:security-advisory:express:uoEU0GS6gk35ZdcQ5nagZYzZcDz5Th0PEvPIVa8rzwbO20pRdxYbAhpIm6Wc5MALXoWb1C4X8WqCtH02U0Wo1A== Completed in 4ms
246 timing metavuln:cache:get:security-advisory:chokidar:LU+YLfVnn6vFXVAvnsGqd58Rz8g6tJ60ZMP+wazsDeQPoFbTHjxfCKIpn7lW6acFOIKvNjhthFMXqTIaWevt+w== Completed in 3ms
247 timing metavuln:cache:get:security-advisory:micromatch:KLlQrQSexijh/BbB4FSM3fP0/MIDSj3iMiApgG1JwuVrHt48fzZ8fAIdgNu2TyvXdqnfHV2kIjol+N5OzsIiGQ== Completed in 2ms
248 timing metavuln:load:security-advisory:micromatch:JiXBFkEDkUnBQLw3PO6emUmmm2JXqgEbh+FhB3SNDS8k6Z0wM20irrfaOjjxYuMxZaKaDudvR037mtEoeqZzXw== Completed in 1ms
249 timing metavuln:calculate:security-advisory:micromatch:JiXBFkEDkUnBQLw3PO6emUmmm2JXqgEbh+FhB3SNDS8k6Z0wM20irrfaOjjxYuMxZaKaDudvR037mtEoeqZzXw== Completed in 3ms
250 http fetch GET 200 https://registry.npmjs.org/chokidar 52ms (cache revalidated)
251 timing metavuln:packument:chokidar Completed in 55ms
252 timing metavuln:load:security-advisory:chokidar:JiXBFkEDkUnBQLw3PO6emUmmm2JXqgEbh+FhB3SNDS8k6Z0wM20irrfaOjjxYuMxZaKaDudvR037mtEoeqZzXw== Completed in 0ms
253 timing metavuln:calculate:security-advisory:chokidar:JiXBFkEDkUnBQLw3PO6emUmmm2JXqgEbh+FhB3SNDS8k6Z0wM20irrfaOjjxYuMxZaKaDudvR037mtEoeqZzXw== Completed in 55ms
254 timing metavuln:cache:get:security-advisory:javascript-obfuscator:OE6yWh7wEEV8xDK3sjOUmdKih2Hny4m3g6GY4wGh6om8EoArPFlbRCDr+O6iHh7XzGLWPNZ9iyJnL/bw0OOmZw== Completed in 2ms
255 http fetch GET 200 https://registry.npmjs.org/javascript-obfuscator 37ms (cache revalidated)
256 timing metavuln:packument:javascript-obfuscator Completed in 45ms
257 timing metavuln:load:security-advisory:javascript-obfuscator:ZQvTaJ3fOEenIRLw/eyOt8nhdREaVjJbeSksG9K7Qe19WmYVDarESeg3VTr8WveeAr7yC2Xs/HGzhE+uSYck9Q== Completed in 1ms
258 timing metavuln:calculate:security-advisory:javascript-obfuscator:ZQvTaJ3fOEenIRLw/eyOt8nhdREaVjJbeSksG9K7Qe19WmYVDarESeg3VTr8WveeAr7yC2Xs/HGzhE+uSYck9Q== Completed in 46ms
259 timing metavuln:cache:get:security-advisory:express-ws:TAMLkTx2D5QvexDj1uJtoJ7pdM8u5kLx1/8doMrIb0RxN+QJIBA1rFO40gd489Ah8JWMYGGGQk+Nf10VljjZeQ== Completed in 2ms
260 http fetch GET 200 https://registry.npmjs.org/express-ws 42ms (cache revalidated)
261 timing metavuln:packument:express-ws Completed in 42ms
262 timing metavuln:load:security-advisory:express-ws:lBXrUDHGQ8w6TsFbfO+dIpiL3mSEKXOF2OuvW+b7kHxIhUYJTgPXfCu70PLwR+5DiyOmPyeCmimiWIYaeIPBdw== Completed in 0ms
263 timing metavuln:calculate:security-advisory:express-ws:lBXrUDHGQ8w6TsFbfO+dIpiL3mSEKXOF2OuvW+b7kHxIhUYJTgPXfCu70PLwR+5DiyOmPyeCmimiWIYaeIPBdw== Completed in 42ms
264 timing metavuln:cache:get:security-advisory:discord.js:Ww1vFrIxgH8xkTitLnzdFuHGyFYWFV9gAoFJDQNolrVOIh/VLp+F3s9DVtDkV+iY53bxzyyrCi4I7lfo1e6p9Q== Completed in 3ms
265 http fetch GET 200 https://registry.npmjs.org/discord.js 45ms (cache revalidated)
266 timing metavuln:packument:discord.js Completed in 66ms
267 timing metavuln:load:security-advisory:discord.js:N8g2qAUvG7gJk0uIxvf7eawnYiVM58YMaKRZl7X9WWy+42qPe0Hts/0lWzP3xVay7NIbSsW6+HWbKdYCtuWhlw== Completed in 15ms
268 timing metavuln:calculate:security-advisory:discord.js:N8g2qAUvG7gJk0uIxvf7eawnYiVM58YMaKRZl7X9WWy+42qPe0Hts/0lWzP3xVay7NIbSsW6+HWbKdYCtuWhlw== Completed in 81ms
269 timing metavuln:cache:get:security-advisory:express-ws:dIjmMALeS6uGOoCfAu7C0HjJIUJ8FnGmwrfHs5WRV3AxeWukXmSCkNma20TMVmdcDt2ooYFFCf+Xabw530ZMOw== Completed in 2ms
270 timing metavuln:load:security-advisory:express-ws:civo+CIvPLWDQVOc91qd+aasg2Zp0tbqb+JHqZrHoVm4H0KpB1jMXWk+ZCuT97vfHKZBBx6V2T1Rbl0ZOyIIFQ== Completed in 0ms
271 timing metavuln:calculate:security-advisory:express-ws:civo+CIvPLWDQVOc91qd+aasg2Zp0tbqb+JHqZrHoVm4H0KpB1jMXWk+ZCuT97vfHKZBBx6V2T1Rbl0ZOyIIFQ== Completed in 2ms
272 timing metavuln:cache:get:security-advisory:axios:6FM9PhfJw5vbHJTRjXs/VQZTFU51ugCLixAa273gUOTlL/0ZdQ/yItjH9/V0+Ju8EzJZ4OzfL8R7BsgLWMEdfg== Completed in 1ms
273 timing metavuln:load:security-advisory:axios:jg0VmBuYg0rFvpkG3wK2nkx/yTpb1zmGLVl2eFwdShSNm11ekkwkWcvLLCcHYAvNL4IcTZ2Yt/Gv7gSI5zO32A== Completed in 1ms
274 timing metavuln:calculate:security-advisory:axios:jg0VmBuYg0rFvpkG3wK2nkx/yTpb1zmGLVl2eFwdShSNm11ekkwkWcvLLCcHYAvNL4IcTZ2Yt/Gv7gSI5zO32A== Completed in 2ms
275 timing metavuln:cache:get:security-advisory:make-fetch-happen:5UBCnL1cS8L18+XH8IEqkATgxnguqkAmVxsEIu0Hqy6pQriMsb7AIhNoul3E8MTZTWhqtZ+t1FHXSNCFoCh8DA== Completed in 12ms
276 http fetch GET 200 https://registry.npmjs.org/make-fetch-happen 52ms (cache revalidated)
277 timing metavuln:packument:make-fetch-happen Completed in 55ms
278 timing metavuln:load:security-advisory:make-fetch-happen:Lj4BVBzjL9z/yYrUmXKlt+AedaadCaX7vOwcAE96kXPxTXXWmT7zHc8YpCPtf9dP/zBv7FXnazU79DimDkdYmg== Completed in 0ms
279 timing metavuln:calculate:security-advisory:make-fetch-happen:Lj4BVBzjL9z/yYrUmXKlt+AedaadCaX7vOwcAE96kXPxTXXWmT7zHc8YpCPtf9dP/zBv7FXnazU79DimDkdYmg== Completed in 55ms
280 timing metavuln:cache:get:security-advisory:socks:ZyRUcRmD1MNtaR/fRKhPv5VhG5no8wY0FkhGlAZmdaDLXgOItG6TaYDtgnEgHx5N6uAbGMSuMt20p4OZPEpG3Q== Completed in 2ms
281 http fetch GET 200 https://registry.npmjs.org/socks 51ms (cache revalidated)
282 timing metavuln:packument:socks Completed in 53ms
283 timing metavuln:load:security-advisory:socks:b30c5XyTTW4mB+FTN7C/h1vhoJFO9OI8Q+LTllMkSK3uH9C7IrxRvaSJh85+QHMX79NvRWdtpRRPVOFX+5JL7A== Completed in 0ms
284 timing metavuln:calculate:security-advisory:socks:b30c5XyTTW4mB+FTN7C/h1vhoJFO9OI8Q+LTllMkSK3uH9C7IrxRvaSJh85+QHMX79NvRWdtpRRPVOFX+5JL7A== Completed in 53ms
285 timing metavuln:cache:get:security-advisory:fast-glob:AbqaRkH/ah2E63AlsHQoSe4rzDu85g3nQo2oOGK8mDPpx8ODN4CyFz62hpRucknVgKWSODuNhHcd4w2oWa9y3w== Completed in 2ms
286 http fetch GET 200 https://registry.npmjs.org/fast-glob 38ms (cache revalidated)
287 timing metavuln:packument:fast-glob Completed in 41ms
288 timing metavuln:load:security-advisory:fast-glob:TlYHmS8BZBwkbsPHbTfH2/e91KJnOnqfC63ZoKdiRy+yt6biPd8BwjBdyfPUht1+ZO675I3Gg00RQPYaWiOm8Q== Completed in 0ms
289 timing metavuln:calculate:security-advisory:fast-glob:TlYHmS8BZBwkbsPHbTfH2/e91KJnOnqfC63ZoKdiRy+yt6biPd8BwjBdyfPUht1+ZO675I3Gg00RQPYaWiOm8Q== Completed in 41ms
290 timing metavuln:cache:get:security-advisory:@keyv/mysql:oP+gS7OTNaACuwBZn/ZJ9PDaXdtW5EtQr8axmmDYcI6lkjPsY9hCZkL1Zm0bWa0L/atH+gFr9JMJeSm9R9N3bA== Completed in 6ms
291 http fetch GET 200 https://registry.npmjs.org/@keyv%2fmysql 1551ms (cache revalidated)
292 timing metavuln:packument:@keyv/mysql Completed in 1553ms
293 timing metavuln:load:security-advisory:@keyv/mysql:Jrpazv6mxx1U/xToqRpT5PC9QlcdGzsiQf34TjVpBhr2y7Zf7p+FK0cJHuVcmAQuLrhrf5JHQy4CcrhfwLYcJg== Completed in 0ms
294 timing metavuln:calculate:security-advisory:@keyv/mysql:Jrpazv6mxx1U/xToqRpT5PC9QlcdGzsiQf34TjVpBhr2y7Zf7p+FK0cJHuVcmAQuLrhrf5JHQy4CcrhfwLYcJg== Completed in 1554ms
295 timing metavuln:cache:get:security-advisory:express:rT3NvJVkQ/88Msx6/Jy+yX0rnG51IL6fcI7HNTejs6EC3xbaoIFvF8zk2TGhCwnefscotuiJiewzaHZjBqrORQ== Completed in 1ms
296 timing metavuln:load:security-advisory:express:MGO+1pdJTigPi3TXGZyVn35t2czXVkYs+fgMO7RE91yslgH9FQoQuUVMgE+5KM1TF4oevhUauG5tddQcIK8Fzg== Completed in 1ms
297 timing metavuln:calculate:security-advisory:express:MGO+1pdJTigPi3TXGZyVn35t2czXVkYs+fgMO7RE91yslgH9FQoQuUVMgE+5KM1TF4oevhUauG5tddQcIK8Fzg== Completed in 3ms
298 timing metavuln:cache:get:security-advisory:postcss-import:/PLPdl+taO2Poo7pvMMH2KqPZN0Vz9Fuq8Raoioetz7jX5Ri40PqXKjKUK1CV+bpEKjQ1uXf6O1nV9wYvCx2zg== Completed in 16ms
299 timing metavuln:cache:get:security-advisory:postcss-js:Pq5DTSfYD69VtDdLNGNf1+R3etEyzLL0lJTjnLDcwxIbkIwZUXvN3uPU5/4kZsMEb6H2avwLtHTpu1gDyi2ZDw== Completed in 16ms
300 timing metavuln:cache:get:security-advisory:postcss-nested:cLLQDS08v5n55j+Emlq91vNyCbG1lcRRLN1aPYO8tYqZvmiPJsGcxcgMwHPz/7QpmmOFZmOqtCZjVI4AroT81g== Completed in 14ms
301 timing metavuln:cache:get:security-advisory:postcss-load-config:vgzZUiprdl3dEhd1GyGpRxlvU1SSM9F4+dTZ+0is73A4MClvxtw5LaCQafNxYQXWI08FQZk+21n5g6EeSZUDYA== Completed in 15ms
302 timing metavuln:cache:get:security-advisory:tailwindcss:iWb17HDBv3L4kTBoMKRF0MZVMFBmsAMT8Q/ma46Vr63A4t5ObuyRghTamQcwMv/CaNpqKazsfue/vqmuQFNJkg== Completed in 13ms
303 http fetch GET 200 https://registry.npmjs.org/postcss-nested 55ms (cache revalidated)
304 timing metavuln:packument:postcss-nested Completed in 56ms
305 timing metavuln:load:security-advisory:postcss-nested:ylHlqxOD5gx7vcQurwTZyQHJsodRCM2yV95izcDPSahj+DDa6IEdlDh7BWAlf7fDDEd+NyVQHm50pHmcApHI4w== Completed in 0ms
306 timing metavuln:calculate:security-advisory:postcss-nested:ylHlqxOD5gx7vcQurwTZyQHJsodRCM2yV95izcDPSahj+DDa6IEdlDh7BWAlf7fDDEd+NyVQHm50pHmcApHI4w== Completed in 57ms
307 http fetch GET 200 https://registry.npmjs.org/postcss-load-config 59ms (cache revalidated)
308 timing metavuln:packument:postcss-load-config Completed in 60ms
309 timing metavuln:load:security-advisory:postcss-load-config:ylHlqxOD5gx7vcQurwTZyQHJsodRCM2yV95izcDPSahj+DDa6IEdlDh7BWAlf7fDDEd+NyVQHm50pHmcApHI4w== Completed in 0ms
310 timing metavuln:calculate:security-advisory:postcss-load-config:ylHlqxOD5gx7vcQurwTZyQHJsodRCM2yV95izcDPSahj+DDa6IEdlDh7BWAlf7fDDEd+NyVQHm50pHmcApHI4w== Completed in 61ms
311 http fetch GET 200 https://registry.npmjs.org/tailwindcss 65ms (cache revalidated)
312 timing metavuln:packument:tailwindcss Completed in 96ms
313 timing metavuln:load:security-advisory:tailwindcss:ylHlqxOD5gx7vcQurwTZyQHJsodRCM2yV95izcDPSahj+DDa6IEdlDh7BWAlf7fDDEd+NyVQHm50pHmcApHI4w== Completed in 20ms
314 timing metavuln:calculate:security-advisory:tailwindcss:ylHlqxOD5gx7vcQurwTZyQHJsodRCM2yV95izcDPSahj+DDa6IEdlDh7BWAlf7fDDEd+NyVQHm50pHmcApHI4w== Completed in 116ms
315 http fetch GET 200 https://registry.npmjs.org/postcss-js 128ms (cache revalidated)
316 timing metavuln:packument:postcss-js Completed in 129ms
317 timing metavuln:load:security-advisory:postcss-js:ylHlqxOD5gx7vcQurwTZyQHJsodRCM2yV95izcDPSahj+DDa6IEdlDh7BWAlf7fDDEd+NyVQHm50pHmcApHI4w== Completed in 0ms
318 timing metavuln:calculate:security-advisory:postcss-js:ylHlqxOD5gx7vcQurwTZyQHJsodRCM2yV95izcDPSahj+DDa6IEdlDh7BWAlf7fDDEd+NyVQHm50pHmcApHI4w== Completed in 129ms
319 http fetch GET 200 https://registry.npmjs.org/postcss-import 132ms (cache revalidated)
320 timing metavuln:packument:postcss-import Completed in 133ms
321 timing metavuln:load:security-advisory:postcss-import:ylHlqxOD5gx7vcQurwTZyQHJsodRCM2yV95izcDPSahj+DDa6IEdlDh7BWAlf7fDDEd+NyVQHm50pHmcApHI4w== Completed in 0ms
322 timing metavuln:calculate:security-advisory:postcss-import:ylHlqxOD5gx7vcQurwTZyQHJsodRCM2yV95izcDPSahj+DDa6IEdlDh7BWAlf7fDDEd+NyVQHm50pHmcApHI4w== Completed in 134ms
323 timing metavuln:cache:get:security-advisory:express:xLZ7vThFpE1wlRWTPTFOjjJ1i5Wu8q/HC4n4uyTn1eNHaD3tpDEm5B24gTw6/wesKir2r8HYImjCcIpkG5zKYw== Completed in 3ms
324 timing metavuln:load:security-advisory:express:OShLTeaftGdoI6AC7xvJ84fklSsg8XN9g5w+pRFqXWtM66RkMgSjQaSgIRFeMMpYy/URhePqWfUgvGta5cUXXw== Completed in 1ms
325 timing metavuln:calculate:security-advisory:express:OShLTeaftGdoI6AC7xvJ84fklSsg8XN9g5w+pRFqXWtM66RkMgSjQaSgIRFeMMpYy/URhePqWfUgvGta5cUXXw== Completed in 4ms
326 timing metavuln:cache:get:security-advisory:serve-static:+4ES5L6wOU+n07z1dxXG80UrqDTSPCvHDdGabQr8AKIBUHjLmwOE4rkwa/jvhXc/6NudzDSsLDHTHXsv066Big== Completed in 4ms
327 timing metavuln:load:security-advisory:serve-static:OShLTeaftGdoI6AC7xvJ84fklSsg8XN9g5w+pRFqXWtM66RkMgSjQaSgIRFeMMpYy/URhePqWfUgvGta5cUXXw== Completed in 1ms
328 timing metavuln:calculate:security-advisory:serve-static:OShLTeaftGdoI6AC7xvJ84fklSsg8XN9g5w+pRFqXWtM66RkMgSjQaSgIRFeMMpYy/URhePqWfUgvGta5cUXXw== Completed in 5ms
329 timing metavuln:cache:get:security-advisory:express:A4TsuZI2o2e0Ax7EVEf6x3DHWrVSBPtfBMqN7I7BuTJxGdmyNf2R1CKhxVqsL77dRLUncIkqSwPzs6u/8nVzzg== Completed in 2ms
330 timing metavuln:load:security-advisory:express:6/5/7wCvhynQFLFlm3uAL70rYGPKRtebq7fww92FL5lg7aniCfsBAW3IWMWnLUwSQWZGUr38TziTDlnBorKdEg== Completed in 1ms
331 timing metavuln:calculate:security-advisory:express:6/5/7wCvhynQFLFlm3uAL70rYGPKRtebq7fww92FL5lg7aniCfsBAW3IWMWnLUwSQWZGUr38TziTDlnBorKdEg== Completed in 3ms
332 timing metavuln:cache:get:security-advisory:@keyv/sqlite:StRuBNmWFfK1w0xq5ubVWuz7TYJh8n7o5dQk6ZiVoH/v0TCsNC8ZgVlfeyAh+Lae+4Ae0ypNVp6jdKug+2BbTg== Completed in 4ms
333 http fetch GET 200 https://registry.npmjs.org/@keyv%2fsqlite 1675ms (cache revalidated)
334 timing metavuln:packument:@keyv/sqlite Completed in 1675ms
335 timing metavuln:load:security-advisory:@keyv/sqlite:N0MKuo+nJTvv3HgqBPG0+LU/5OEP/p0SveHcF1Tk+rdOISfnerNXQeaC2p6cHLZxHHc+3cY/gSTyve/x0tux+A== Completed in 1ms
336 timing metavuln:calculate:security-advisory:@keyv/sqlite:N0MKuo+nJTvv3HgqBPG0+LU/5OEP/p0SveHcF1Tk+rdOISfnerNXQeaC2p6cHLZxHHc+3cY/gSTyve/x0tux+A== Completed in 1677ms
337 timing metavuln:cache:get:security-advisory:@mapbox/node-pre-gyp:lFA06H667P4M/hTkHlZDeO8udPq9a1BvjAz9QWCl+U2kuZ/CG8j6k8k1yiEzhSo2tI6W3mIN0SaF0uRYsaAKyg== Completed in 3ms
338 timing metavuln:load:security-advisory:@mapbox/node-pre-gyp:xsfciMtNhQn+Vb692L8h5HEYBYUJ5Lhjy3bF//LOsKSn8tp0f1hbuDX26k9UtKJNPZjM5uuq2Cxlz3KwL19oJg== Completed in 0ms
339 timing metavuln:calculate:security-advisory:@mapbox/node-pre-gyp:xsfciMtNhQn+Vb692L8h5HEYBYUJ5Lhjy3bF//LOsKSn8tp0f1hbuDX26k9UtKJNPZjM5uuq2Cxlz3KwL19oJg== Completed in 3ms
340 timing metavuln:cache:get:security-advisory:node-gyp:Rpe4QFTznz5OQZEcumE8ewontGWpDMN2/EB2qOpnA+zB6STvbtlNxaZNR126QHUStUK80yo/wR7Tw4gAhvfWhw== Completed in 3ms
341 timing metavuln:load:security-advisory:node-gyp:xsfciMtNhQn+Vb692L8h5HEYBYUJ5Lhjy3bF//LOsKSn8tp0f1hbuDX26k9UtKJNPZjM5uuq2Cxlz3KwL19oJg== Completed in 0ms
342 timing metavuln:calculate:security-advisory:node-gyp:xsfciMtNhQn+Vb692L8h5HEYBYUJ5Lhjy3bF//LOsKSn8tp0f1hbuDX26k9UtKJNPZjM5uuq2Cxlz3KwL19oJg== Completed in 3ms
343 timing metavuln:cache:get:security-advisory:cacache:23ujtretmvB1Q6nwRAN4et2x6TaiMiF22Q16OlGB9hz1JzeqP0elo3O+sZbaMFuF2ldINgIs99mZYf/yzvXNSQ== Completed in 5ms
344 timing metavuln:cache:get:security-advisory:sqlite3:5vPlkA5fGgM/FMhOLiXrTP+EGb3t0tN6Igp9J7Suhdaozuk4NtQY3JkkSebgppHFgSH98yL630/Bf9FIPba43Q== Completed in 8ms
345 timing metavuln:load:security-advisory:sqlite3:xsfciMtNhQn+Vb692L8h5HEYBYUJ5Lhjy3bF//LOsKSn8tp0f1hbuDX26k9UtKJNPZjM5uuq2Cxlz3KwL19oJg== Completed in 1ms
346 timing metavuln:calculate:security-advisory:sqlite3:xsfciMtNhQn+Vb692L8h5HEYBYUJ5Lhjy3bF//LOsKSn8tp0f1hbuDX26k9UtKJNPZjM5uuq2Cxlz3KwL19oJg== Completed in 9ms
347 http fetch GET 200 https://registry.npmjs.org/cacache 55ms (cache revalidated)
348 timing metavuln:packument:cacache Completed in 58ms
349 timing metavuln:load:security-advisory:cacache:xsfciMtNhQn+Vb692L8h5HEYBYUJ5Lhjy3bF//LOsKSn8tp0f1hbuDX26k9UtKJNPZjM5uuq2Cxlz3KwL19oJg== Completed in 0ms
350 timing metavuln:calculate:security-advisory:cacache:xsfciMtNhQn+Vb692L8h5HEYBYUJ5Lhjy3bF//LOsKSn8tp0f1hbuDX26k9UtKJNPZjM5uuq2Cxlz3KwL19oJg== Completed in 58ms
351 timing metavuln:cache:get:security-advisory:optionator:d3EtRFOK2NSdRvdJ7dD+oD0t3GdM6aO4C5FrF5XFrC4G8KIzrav+eygasuAS0o8Y0g/suyvNYQwl8w2ZW4G/5A== Completed in 2ms
352 http fetch GET 200 https://registry.npmjs.org/optionator 762ms (cache revalidated)
353 timing metavuln:packument:optionator Completed in 764ms
354 timing metavuln:load:security-advisory:optionator:KuD0u0TEe1lJ9Y8nnHJk0i8e4gFvU7OHiKayejHAsg0tkhQi4DZJqW9IueFOjMTqOQfbmCZrpVfHV9PCkdQdeA== Completed in 0ms
355 timing metavuln:calculate:security-advisory:optionator:KuD0u0TEe1lJ9Y8nnHJk0i8e4gFvU7OHiKayejHAsg0tkhQi4DZJqW9IueFOjMTqOQfbmCZrpVfHV9PCkdQdeA== Completed in 764ms
356 timing metavuln:cache:get:security-advisory:nodemon:QLv4lSAXpjFCJWcxn62LXZBl2eGhPvRpDtR6QR8NeFbYMFAB6KJai0RLKmdAWEQtbhYMK4zPcknO4Sf0QOu7UQ== Completed in 1ms
357 timing metavuln:load:security-advisory:nodemon:VmVhQImG+QKVWnlNW5yp1zHUOx/ZRnbSImuBAMs3JcawiSqH/9EH24+HabREtz3rIxJpMx8t/03D1fhp2B5M3g== Completed in 1ms
358 timing metavuln:calculate:security-advisory:nodemon:VmVhQImG+QKVWnlNW5yp1zHUOx/ZRnbSImuBAMs3JcawiSqH/9EH24+HabREtz3rIxJpMx8t/03D1fhp2B5M3g== Completed in 3ms
359 timing auditReport:init Completed in 5259ms
360 timing reify:audit Completed in 5767ms
361 timing reify Completed in 6338ms
362 silly ADD
363 timing command:install Completed in 6384ms
364 verbose exit 0
365 timing npm Completed in 6687ms
366 info ok
